[debug] [2021-07-10T07:26:08.920Z] ----------------------------------------------------------------------
[debug] [2021-07-10T07:26:08.923Z] Command:       /usr/local/bin/node /usr/local/bin/firebase emulators:start
[debug] [2021-07-10T07:26:08.924Z] CLI Version:   9.14.0
[debug] [2021-07-10T07:26:08.924Z] Platform:      darwin
[debug] [2021-07-10T07:26:08.924Z] Node Version:  v14.17.0
[debug] [2021-07-10T07:26:08.932Z] Time:          Sat Jul 10 2021 15:26:08 GMT+0800 (Taipei Standard Time)
[debug] [2021-07-10T07:26:08.932Z] ----------------------------------------------------------------------
[debug] 
[debug] [2021-07-10T07:26:08.936Z] >>> [apiv2][query] GET https://firebase-public.firebaseio.com/cli.json [none]
[debug] [2021-07-10T07:26:08.966Z] > command requires scopes: ["email","openid","https://www.googleapis.com/auth/cloudplatformprojects.readonly","https://www.googleapis.com/auth/firebase","https://www.googleapis.com/auth/cloud-platform"]
[debug] [2021-07-10T07:26:08.966Z] > authorizing via signed-in user (joanna15202@gmail.com)
[info] i  emulators: Starting emulators: functions, hosting {"metadata":{"emulator":{"name":"hub"},"message":"Starting emulators: functions, hosting"}}
[debug] [2021-07-10T07:26:09.003Z] [hub] writing locator at /var/folders/48/b_2y4nyx0k7d7_sbttq7lmwh0000gn/T/hub-challenge-64600.json
[warn] ⚠  functions: The following emulators are not running, calls to these services from the Functions emulator will affect production: auth, firestore, database, pubsub, storage {"metadata":{"emulator":{"name":"functions"},"message":"The following emulators are not running, calls to these services from the Functions emulator will affect production: \u001b[1mauth, firestore, database, pubsub, storage\u001b[22m"}}
[info] ✔  functions: Using node@14 from host. {"metadata":{"emulator":{"name":"functions"},"message":"Using node@14 from host."}}
[debug] [2021-07-10T07:26:09.084Z] defaultcredentials: writing to file /Users/Joanna/.config/firebase/joanna15202_gmail_com_application_default_credentials.json
[debug] [2021-07-10T07:26:09.095Z] Setting GAC to /Users/Joanna/.config/firebase/joanna15202_gmail_com_application_default_credentials.json {"metadata":{"emulator":{"name":"functions"},"message":"Setting GAC to /Users/Joanna/.config/firebase/joanna15202_gmail_com_application_default_credentials.json"}}
[debug] [2021-07-10T07:26:09.097Z] > refreshing access token with scopes: []
[debug] [2021-07-10T07:26:09.098Z] >>> HTTP REQUEST POST https://www.googleapis.com/oauth2/v3/token  
 <request body omitted>
[debug] [2021-07-10T07:26:09.501Z] <<< HTTP RESPONSE 200 {"expires":"Mon, 01 Jan 1990 00:00:00 GMT","cache-control":"no-cache, no-store, max-age=0, must-revalidate","pragma":"no-cache","date":"Sat, 10 Jul 2021 07:26:09 GMT","content-type":"application/json; charset=utf-8","vary":"X-Origin, Referer, Origin,Accept-Encoding","server":"scaffolding on HTTPServer2","x-xss-protection":"0","x-frame-options":"SAMEORIGIN","x-content-type-options":"nosniff","alt-svc":"h3=\":443\"; ma=2592000,h3-29=\":443\"; ma=2592000,h3-T051=\":443\"; ma=2592000,h3-Q050=\":443\"; ma=2592000,h3-Q046=\":443\"; ma=2592000,h3-Q043=\":443\"; ma=2592000,quic=\":443\"; ma=2592000; v=\"46,43\"","accept-ranges":"none","transfer-encoding":"chunked"}
[debug] [2021-07-10T07:26:09.536Z] >>> [apiv2][query] GET https://firebase.googleapis.com/v1beta1/projects/challenge-64600/adminSdkConfig [none]
[debug] [2021-07-10T07:26:09.868Z] <<< [apiv2][status] GET https://firebase-public.firebaseio.com/cli.json 200
[debug] [2021-07-10T07:26:09.869Z] <<< [apiv2][body] GET https://firebase-public.firebaseio.com/cli.json {"cloudBuildErrorAfter":1594252800000,"cloudBuildWarnAfter":1590019200000,"defaultNode10After":1594252800000,"minVersion":"3.0.5","node8DeploysDisabledAfter":1613390400000,"node8RuntimeDisabledAfter":1615809600000,"node8WarnAfter":1600128000000}
[debug] [2021-07-10T07:26:10.689Z] <<< [apiv2][status] GET https://firebase.googleapis.com/v1beta1/projects/challenge-64600/adminSdkConfig 200
[debug] [2021-07-10T07:26:10.689Z] <<< [apiv2][body] GET https://firebase.googleapis.com/v1beta1/projects/challenge-64600/adminSdkConfig {"projectId":"challenge-64600","storageBucket":"challenge-64600.appspot.com","locationId":"us-central"}
[debug] [2021-07-10T07:26:10.713Z] >>> [apiv2][query] GET https://firebasehosting.googleapis.com/v1beta1/projects/challenge-64600/sites 
[debug] [2021-07-10T07:26:12.053Z] <<< [apiv2][status] GET https://firebasehosting.googleapis.com/v1beta1/projects/challenge-64600/sites 200
[debug] [2021-07-10T07:26:12.054Z] <<< [apiv2][body] GET https://firebasehosting.googleapis.com/v1beta1/projects/challenge-64600/sites {"sites":[{"name":"projects/179689642864/sites/challenge-64600","defaultUrl":"https://challenge-64600.web.app","appId":"1:179689642864:web:91db7dbbe010d915a50db5","type":"DEFAULT_SITE"}]}
[debug] [2021-07-10T07:26:12.054Z] >>> [apiv2][query] GET https://firebase.googleapis.com/v1beta1/projects/challenge-64600/webApps/1:179689642864:web:91db7dbbe010d915a50db5/config [none]
[debug] [2021-07-10T07:26:13.571Z] <<< [apiv2][status] GET https://firebase.googleapis.com/v1beta1/projects/challenge-64600/webApps/1:179689642864:web:91db7dbbe010d915a50db5/config 200
[debug] [2021-07-10T07:26:13.571Z] <<< [apiv2][body] GET https://firebase.googleapis.com/v1beta1/projects/challenge-64600/webApps/1:179689642864:web:91db7dbbe010d915a50db5/config {"projectId":"challenge-64600","appId":"1:179689642864:web:91db7dbbe010d915a50db5","storageBucket":"challenge-64600.appspot.com","locationId":"us-central","apiKey":"AIzaSyAxx0_zRsnGkuU2BgzuU6UG2PVlv42f-eI","authDomain":"challenge-64600.firebaseapp.com","messagingSenderId":"179689642864","measurementId":"G-7HN6KS5ZMD"}
[info] i  hosting: Serving hosting files from: build {"metadata":{"emulator":{"name":"hosting"},"message":"Serving hosting files from: \u001b[1mbuild\u001b[22m"}}
[info] ✔  hosting: Local server: http://localhost:5000 {"metadata":{"emulator":{"name":"hosting"},"message":"Local server: \u001b[4m\u001b[1mhttp://localhost:5000\u001b[22m\u001b[24m"}}
[debug] [2021-07-10T07:26:13.885Z] Ignoring unsupported arg: auto_download {"metadata":{"emulator":{"name":"ui"},"message":"Ignoring unsupported arg: auto_download"}}
[debug] [2021-07-10T07:26:13.886Z] Ignoring unsupported arg: port {"metadata":{"emulator":{"name":"ui"},"message":"Ignoring unsupported arg: port"}}
[debug] [2021-07-10T07:26:13.886Z] Starting Emulator UI with command {"binary":"node","args":["/Users/Joanna/.cache/firebase/emulators/ui-v1.5.0/server.bundle.js"],"optionalArgs":[],"joinArgs":false} {"metadata":{"emulator":{"name":"ui"},"message":"Starting Emulator UI with command {\"binary\":\"node\",\"args\":[\"/Users/Joanna/.cache/firebase/emulators/ui-v1.5.0/server.bundle.js\"],\"optionalArgs\":[],\"joinArgs\":false}"}}
[info] i  ui: Emulator UI logging to ui-debug.log {"metadata":{"emulator":{"name":"ui"},"message":"Emulator UI logging to \u001b[1mui-debug.log\u001b[22m"}}
[debug] [2021-07-10T07:26:14.064Z] Web / API server started at http://localhost:4000
 {"metadata":{"emulator":{"name":"ui"},"message":"Web / API server started at http://localhost:4000\n"}}
[info] i  functions: Watching "/Users/Joanna/Documents/Programming/amazon-clone/functions" for Cloud Functions... {"metadata":{"emulator":{"name":"functions"},"message":"Watching \"/Users/Joanna/Documents/Programming/amazon-clone/functions\" for Cloud Functions..."}}
[debug] [2021-07-10T07:26:14.174Z] [worker-pool] addWorker(~diagnostic~) {"metadata":{"emulator":{"name":"functions"},"message":"[worker-pool] addWorker(~diagnostic~)"}}
[debug] [2021-07-10T07:26:14.175Z] [worker-pool] Adding worker with key ~diagnostic~, total=1 {"metadata":{"emulator":{"name":"functions"},"message":"[worker-pool] Adding worker with key ~diagnostic~, total=1"}}
[debug] [2021-07-10T07:26:14.175Z] [worker-pool] submitWork(triggerId=) {"metadata":{"emulator":{"name":"functions"},"message":"[worker-pool] submitWork(triggerId=)"}}
[debug] [2021-07-10T07:26:14.176Z] [worker-~diagnostic~-cbaada37-6f26-4b05-b196-4e518851cf46]: Assigning socketPath: /var/folders/48/b_2y4nyx0k7d7_sbttq7lmwh0000gn/T/fire_emu_25255.sock {"metadata":{"emulator":{"name":"functions"},"message":"[worker-~diagnostic~-cbaada37-6f26-4b05-b196-4e518851cf46]: Assigning socketPath: /var/folders/48/b_2y4nyx0k7d7_sbttq7lmwh0000gn/T/fire_emu_25255.sock"}}
[debug] [2021-07-10T07:26:14.177Z] [worker-~diagnostic~-cbaada37-6f26-4b05-b196-4e518851cf46]: BUSY {"metadata":{"emulator":{"name":"functions"},"message":"[worker-~diagnostic~-cbaada37-6f26-4b05-b196-4e518851cf46]: BUSY"}}
[debug] [2021-07-10T07:26:14.757Z] [runtime-status] [25255] Functions runtime initialized. {"cwd":"/Users/Joanna/Documents/Programming/amazon-clone/functions","node_version":"14.17.0"} {"metadata":{"emulator":{"name":"functions"},"message":"[runtime-status] [25255] Functions runtime initialized. {\"cwd\":\"/Users/Joanna/Documents/Programming/amazon-clone/functions\",\"node_version\":\"14.17.0\"}"}}
[debug] [2021-07-10T07:26:14.761Z] [runtime-status] [25255] Disabled runtime features: undefined {"metadata":{"emulator":{"name":"functions"},"message":"[runtime-status] [25255] Disabled runtime features: undefined"}}
[debug] [2021-07-10T07:26:14.772Z] [runtime-status] [25255] Resolved module firebase-admin {"declared":true,"installed":true,"version":"9.10.0","resolution":"/Users/Joanna/Documents/Programming/amazon-clone/functions/node_modules/firebase-admin/lib/index.js"} {"metadata":{"emulator":{"name":"functions"},"message":"[runtime-status] [25255] Resolved module firebase-admin {\"declared\":true,\"installed\":true,\"version\":\"9.10.0\",\"resolution\":\"/Users/Joanna/Documents/Programming/amazon-clone/functions/node_modules/firebase-admin/lib/index.js\"}"}}
[debug] [2021-07-10T07:26:14.779Z] [runtime-status] [25255] Resolved module firebase-functions {"declared":true,"installed":true,"version":"3.14.1","resolution":"/Users/Joanna/Documents/Programming/amazon-clone/functions/node_modules/firebase-functions/lib/index.js"} {"metadata":{"emulator":{"name":"functions"},"message":"[runtime-status] [25255] Resolved module firebase-functions {\"declared\":true,\"installed\":true,\"version\":\"3.14.1\",\"resolution\":\"/Users/Joanna/Documents/Programming/amazon-clone/functions/node_modules/firebase-functions/lib/index.js\"}"}}
[debug] [2021-07-10T07:26:14.792Z] [runtime-status] [25255] Resolved module firebase-functions {"declared":true,"installed":true,"version":"3.14.1","resolution":"/Users/Joanna/Documents/Programming/amazon-clone/functions/node_modules/firebase-functions/lib/index.js"} {"metadata":{"emulator":{"name":"functions"},"message":"[runtime-status] [25255] Resolved module firebase-functions {\"declared\":true,\"installed\":true,\"version\":\"3.14.1\",\"resolution\":\"/Users/Joanna/Documents/Programming/amazon-clone/functions/node_modules/firebase-functions/lib/index.js\"}"}}
[debug] [2021-07-10T07:26:14.795Z] [runtime-status] [25255] Outgoing network have been stubbed. [{"name":"http","status":"mocked"},{"name":"http","status":"mocked"},{"name":"https","status":"mocked"},{"name":"https","status":"mocked"},{"name":"net","status":"mocked"}] {"metadata":{"emulator":{"name":"functions"},"message":"[runtime-status] [25255] Outgoing network have been stubbed. [{\"name\":\"http\",\"status\":\"mocked\"},{\"name\":\"http\",\"status\":\"mocked\"},{\"name\":\"https\",\"status\":\"mocked\"},{\"name\":\"https\",\"status\":\"mocked\"},{\"name\":\"net\",\"status\":\"mocked\"}]"}}
[debug] [2021-07-10T07:26:14.798Z] [runtime-status] [25255] Resolved module firebase-functions {"declared":true,"installed":true,"version":"3.14.1","resolution":"/Users/Joanna/Documents/Programming/amazon-clone/functions/node_modules/firebase-functions/lib/index.js"} {"metadata":{"emulator":{"name":"functions"},"message":"[runtime-status] [25255] Resolved module firebase-functions {\"declared\":true,\"installed\":true,\"version\":\"3.14.1\",\"resolution\":\"/Users/Joanna/Documents/Programming/amazon-clone/functions/node_modules/firebase-functions/lib/index.js\"}"}}
[debug] [2021-07-10T07:26:15.013Z] [runtime-status] [25255] Checked functions.config() {"config":{}} {"metadata":{"emulator":{"name":"functions"},"message":"[runtime-status] [25255] Checked functions.config() {\"config\":{}}"}}
[debug] [2021-07-10T07:26:15.014Z] [runtime-status] [25255] firebase-functions has been stubbed. {"functionsResolution":{"declared":true,"installed":true,"version":"3.14.1","resolution":"/Users/Joanna/Documents/Programming/amazon-clone/functions/node_modules/firebase-functions/lib/index.js"}} {"metadata":{"emulator":{"name":"functions"},"message":"[runtime-status] [25255] firebase-functions has been stubbed. {\"functionsResolution\":{\"declared\":true,\"installed\":true,\"version\":\"3.14.1\",\"resolution\":\"/Users/Joanna/Documents/Programming/amazon-clone/functions/node_modules/firebase-functions/lib/index.js\"}}"}}
[debug] [2021-07-10T07:26:15.016Z] [runtime-status] [25255] Resolved module firebase-functions {"declared":true,"installed":true,"version":"3.14.1","resolution":"/Users/Joanna/Documents/Programming/amazon-clone/functions/node_modules/firebase-functions/lib/index.js"} {"metadata":{"emulator":{"name":"functions"},"message":"[runtime-status] [25255] Resolved module firebase-functions {\"declared\":true,\"installed\":true,\"version\":\"3.14.1\",\"resolution\":\"/Users/Joanna/Documents/Programming/amazon-clone/functions/node_modules/firebase-functions/lib/index.js\"}"}}
[debug] [2021-07-10T07:26:15.023Z] [runtime-status] [25255] Resolved module firebase-admin {"declared":true,"installed":true,"version":"9.10.0","resolution":"/Users/Joanna/Documents/Programming/amazon-clone/functions/node_modules/firebase-admin/lib/index.js"} {"metadata":{"emulator":{"name":"functions"},"message":"[runtime-status] [25255] Resolved module firebase-admin {\"declared\":true,\"installed\":true,\"version\":\"9.10.0\",\"resolution\":\"/Users/Joanna/Documents/Programming/amazon-clone/functions/node_modules/firebase-admin/lib/index.js\"}"}}
[debug] [2021-07-10T07:26:15.024Z] [runtime-status] [25255] Resolved module firebase-functions {"declared":true,"installed":true,"version":"3.14.1","resolution":"/Users/Joanna/Documents/Programming/amazon-clone/functions/node_modules/firebase-functions/lib/index.js"} {"metadata":{"emulator":{"name":"functions"},"message":"[runtime-status] [25255] Resolved module firebase-functions {\"declared\":true,\"installed\":true,\"version\":\"3.14.1\",\"resolution\":\"/Users/Joanna/Documents/Programming/amazon-clone/functions/node_modules/firebase-functions/lib/index.js\"}"}}
[debug] [2021-07-10T07:26:15.026Z] [runtime-status] [25255] firebase-admin has been stubbed. {"adminResolution":{"declared":true,"installed":true,"version":"9.10.0","resolution":"/Users/Joanna/Documents/Programming/amazon-clone/functions/node_modules/firebase-admin/lib/index.js"}} {"metadata":{"emulator":{"name":"functions"},"message":"[runtime-status] [25255] firebase-admin has been stubbed. {\"adminResolution\":{\"declared\":true,\"installed\":true,\"version\":\"9.10.0\",\"resolution\":\"/Users/Joanna/Documents/Programming/amazon-clone/functions/node_modules/firebase-admin/lib/index.js\"}}"}}
[info] ✔  functions[us-central1-api]: http function initialized (http://localhost:5001/challenge-64600/us-central1/api). {"metadata":{"emulator":{"name":"functions"},"message":"\u001b[1mhttp\u001b[22m function initialized (http://localhost:5001/challenge-64600/us-central1/api)."}}
[info] 
┌─────────────────────────────────────────────────────────────┐
│ ✔  All emulators ready! It is now safe to connect your app. │
│ i  View Emulator UI at http://localhost:4000                │
└─────────────────────────────────────────────────────────────┘

┌───────────┬────────────────┬─────────────────────────────────┐
│ Emulator  │ Host:Port      │ View in Emulator UI             │
├───────────┼────────────────┼─────────────────────────────────┤
│ Functions │ localhost:5001 │ http://localhost:4000/functions │
├───────────┼────────────────┼─────────────────────────────────┤
│ Hosting   │ localhost:5000 │ n/a                             │
└───────────┴────────────────┴─────────────────────────────────┘
  Emulator Hub running at localhost:4400
  Other reserved ports: 4500

Issues? Report them at https://github.com/firebase/firebase-tools/issues and attach the *-debug.log files.
 
[debug] [2021-07-10T07:26:15.465Z] [worker-~diagnostic~-cbaada37-6f26-4b05-b196-4e518851cf46]: IDLE {"metadata":{"emulator":{"name":"functions"},"message":"[worker-~diagnostic~-cbaada37-6f26-4b05-b196-4e518851cf46]: IDLE"}}
[debug] [2021-07-10T07:26:39.510Z] [work-queue] {"queueLength":1,"workRunningCount":0}
[debug] [2021-07-10T07:26:39.510Z] [work-queue] {"queueLength":0,"workRunningCount":1}
[debug] [2021-07-10T07:26:39.511Z] Accepted request POST /challenge-64600/us-central1/api/payments/create?total=23899 --> us-central1-api
[debug] [2021-07-10T07:26:39.526Z] [worker-pool] addWorker(us-central1-api) {"metadata":{"emulator":{"name":"functions"},"message":"[worker-pool] addWorker(us-central1-api)"}}
[debug] [2021-07-10T07:26:39.527Z] [worker-pool] Adding worker with key us-central1-api, total=1 {"metadata":{"emulator":{"name":"functions"},"message":"[worker-pool] Adding worker with key us-central1-api, total=1"}}
[debug] [2021-07-10T07:26:39.527Z] [worker-pool] submitWork(triggerId=us-central1-api) {"metadata":{"emulator":{"name":"functions"},"message":"[worker-pool] submitWork(triggerId=us-central1-api)"}}
[debug] [2021-07-10T07:26:39.527Z] [worker-us-central1-api-76d0be93-56f7-4af3-93b5-406d2ee0c2b1]: Assigning socketPath: /var/folders/48/b_2y4nyx0k7d7_sbttq7lmwh0000gn/T/fire_emu_25265.sock {"metadata":{"emulator":{"name":"functions"},"message":"[worker-us-central1-api-76d0be93-56f7-4af3-93b5-406d2ee0c2b1]: Assigning socketPath: /var/folders/48/b_2y4nyx0k7d7_sbttq7lmwh0000gn/T/fire_emu_25265.sock"}}
[debug] [2021-07-10T07:26:39.527Z] [worker-us-central1-api-76d0be93-56f7-4af3-93b5-406d2ee0c2b1]: BUSY {"metadata":{"emulator":{"name":"functions"},"message":"[worker-us-central1-api-76d0be93-56f7-4af3-93b5-406d2ee0c2b1]: BUSY"}}
[debug] [2021-07-10T07:26:39.959Z] [runtime-status] [25265] Functions runtime initialized. {"cwd":"/Users/Joanna/Documents/Programming/amazon-clone/functions","node_version":"14.17.0"} {"metadata":{"emulator":{"name":"functions"},"function":{"name":"us-central1-api"},"message":"[runtime-status] [25265] Functions runtime initialized. {\"cwd\":\"/Users/Joanna/Documents/Programming/amazon-clone/functions\",\"node_version\":\"14.17.0\"}"}}
[debug] [2021-07-10T07:26:39.962Z] [runtime-status] [25265] Disabled runtime features: undefined {"metadata":{"emulator":{"name":"functions"},"function":{"name":"us-central1-api"},"message":"[runtime-status] [25265] Disabled runtime features: undefined"}}
[debug] [2021-07-10T07:26:39.965Z] [runtime-status] [25265] Resolved module firebase-admin {"declared":true,"installed":true,"version":"9.10.0","resolution":"/Users/Joanna/Documents/Programming/amazon-clone/functions/node_modules/firebase-admin/lib/index.js"} {"metadata":{"emulator":{"name":"functions"},"function":{"name":"us-central1-api"},"message":"[runtime-status] [25265] Resolved module firebase-admin {\"declared\":true,\"installed\":true,\"version\":\"9.10.0\",\"resolution\":\"/Users/Joanna/Documents/Programming/amazon-clone/functions/node_modules/firebase-admin/lib/index.js\"}"}}
[debug] [2021-07-10T07:26:39.966Z] [runtime-status] [25265] Resolved module firebase-functions {"declared":true,"installed":true,"version":"3.14.1","resolution":"/Users/Joanna/Documents/Programming/amazon-clone/functions/node_modules/firebase-functions/lib/index.js"} {"metadata":{"emulator":{"name":"functions"},"function":{"name":"us-central1-api"},"message":"[runtime-status] [25265] Resolved module firebase-functions {\"declared\":true,\"installed\":true,\"version\":\"3.14.1\",\"resolution\":\"/Users/Joanna/Documents/Programming/amazon-clone/functions/node_modules/firebase-functions/lib/index.js\"}"}}
[debug] [2021-07-10T07:26:39.967Z] [runtime-status] [25265] Resolved module firebase-functions {"declared":true,"installed":true,"version":"3.14.1","resolution":"/Users/Joanna/Documents/Programming/amazon-clone/functions/node_modules/firebase-functions/lib/index.js"} {"metadata":{"emulator":{"name":"functions"},"function":{"name":"us-central1-api"},"message":"[runtime-status] [25265] Resolved module firebase-functions {\"declared\":true,\"installed\":true,\"version\":\"3.14.1\",\"resolution\":\"/Users/Joanna/Documents/Programming/amazon-clone/functions/node_modules/firebase-functions/lib/index.js\"}"}}
[debug] [2021-07-10T07:26:39.970Z] [runtime-status] [25265] Outgoing network have been stubbed. [{"name":"http","status":"mocked"},{"name":"http","status":"mocked"},{"name":"https","status":"mocked"},{"name":"https","status":"mocked"},{"name":"net","status":"mocked"}] {"metadata":{"emulator":{"name":"functions"},"function":{"name":"us-central1-api"},"message":"[runtime-status] [25265] Outgoing network have been stubbed. [{\"name\":\"http\",\"status\":\"mocked\"},{\"name\":\"http\",\"status\":\"mocked\"},{\"name\":\"https\",\"status\":\"mocked\"},{\"name\":\"https\",\"status\":\"mocked\"},{\"name\":\"net\",\"status\":\"mocked\"}]"}}
[debug] [2021-07-10T07:26:39.971Z] [runtime-status] [25265] Resolved module firebase-functions {"declared":true,"installed":true,"version":"3.14.1","resolution":"/Users/Joanna/Documents/Programming/amazon-clone/functions/node_modules/firebase-functions/lib/index.js"} {"metadata":{"emulator":{"name":"functions"},"function":{"name":"us-central1-api"},"message":"[runtime-status] [25265] Resolved module firebase-functions {\"declared\":true,\"installed\":true,\"version\":\"3.14.1\",\"resolution\":\"/Users/Joanna/Documents/Programming/amazon-clone/functions/node_modules/firebase-functions/lib/index.js\"}"}}
[debug] [2021-07-10T07:26:40.040Z] [runtime-status] [25265] Checked functions.config() {"config":{}} {"metadata":{"emulator":{"name":"functions"},"function":{"name":"us-central1-api"},"message":"[runtime-status] [25265] Checked functions.config() {\"config\":{}}"}}
[debug] [2021-07-10T07:26:40.040Z] [runtime-status] [25265] firebase-functions has been stubbed. {"functionsResolution":{"declared":true,"installed":true,"version":"3.14.1","resolution":"/Users/Joanna/Documents/Programming/amazon-clone/functions/node_modules/firebase-functions/lib/index.js"}} {"metadata":{"emulator":{"name":"functions"},"function":{"name":"us-central1-api"},"message":"[runtime-status] [25265] firebase-functions has been stubbed. {\"functionsResolution\":{\"declared\":true,\"installed\":true,\"version\":\"3.14.1\",\"resolution\":\"/Users/Joanna/Documents/Programming/amazon-clone/functions/node_modules/firebase-functions/lib/index.js\"}}"}}
[debug] [2021-07-10T07:26:40.041Z] [runtime-status] [25265] Resolved module firebase-functions {"declared":true,"installed":true,"version":"3.14.1","resolution":"/Users/Joanna/Documents/Programming/amazon-clone/functions/node_modules/firebase-functions/lib/index.js"} {"metadata":{"emulator":{"name":"functions"},"function":{"name":"us-central1-api"},"message":"[runtime-status] [25265] Resolved module firebase-functions {\"declared\":true,\"installed\":true,\"version\":\"3.14.1\",\"resolution\":\"/Users/Joanna/Documents/Programming/amazon-clone/functions/node_modules/firebase-functions/lib/index.js\"}"}}
[debug] [2021-07-10T07:26:40.043Z] [runtime-status] [25265] Resolved module firebase-admin {"declared":true,"installed":true,"version":"9.10.0","resolution":"/Users/Joanna/Documents/Programming/amazon-clone/functions/node_modules/firebase-admin/lib/index.js"} {"metadata":{"emulator":{"name":"functions"},"function":{"name":"us-central1-api"},"message":"[runtime-status] [25265] Resolved module firebase-admin {\"declared\":true,\"installed\":true,\"version\":\"9.10.0\",\"resolution\":\"/Users/Joanna/Documents/Programming/amazon-clone/functions/node_modules/firebase-admin/lib/index.js\"}"}}
[debug] [2021-07-10T07:26:40.044Z] [runtime-status] [25265] Resolved module firebase-functions {"declared":true,"installed":true,"version":"3.14.1","resolution":"/Users/Joanna/Documents/Programming/amazon-clone/functions/node_modules/firebase-functions/lib/index.js"} {"metadata":{"emulator":{"name":"functions"},"function":{"name":"us-central1-api"},"message":"[runtime-status] [25265] Resolved module firebase-functions {\"declared\":true,\"installed\":true,\"version\":\"3.14.1\",\"resolution\":\"/Users/Joanna/Documents/Programming/amazon-clone/functions/node_modules/firebase-functions/lib/index.js\"}"}}
[debug] [2021-07-10T07:26:40.044Z] [runtime-status] [25265] firebase-admin has been stubbed. {"adminResolution":{"declared":true,"installed":true,"version":"9.10.0","resolution":"/Users/Joanna/Documents/Programming/amazon-clone/functions/node_modules/firebase-admin/lib/index.js"}} {"metadata":{"emulator":{"name":"functions"},"function":{"name":"us-central1-api"},"message":"[runtime-status] [25265] firebase-admin has been stubbed. {\"adminResolution\":{\"declared\":true,\"installed\":true,\"version\":\"9.10.0\",\"resolution\":\"/Users/Joanna/Documents/Programming/amazon-clone/functions/node_modules/firebase-admin/lib/index.js\"}}"}}
[debug] [2021-07-10T07:26:40.251Z] [runtime-status] [25265] Trigger "us-central1-api" has been found, beginning invocation! {"metadata":{"emulator":{"name":"functions"},"function":{"name":"us-central1-api"},"message":"[runtime-status] [25265] Trigger \"us-central1-api\" has been found, beginning invocation!"}}
[info] i  functions: Beginning execution of "us-central1-api" {"metadata":{"emulator":{"name":"functions"},"function":{"name":"us-central1-api"},"message":"Beginning execution of \"us-central1-api\""}}
[debug] [2021-07-10T07:26:40.252Z] [runtime-status] [25265] triggerDefinition {"httpsTrigger":{},"name":"api","entryPoint":"api","regions":["us-central1"],"region":"us-central1","id":"us-central1-api"} {"metadata":{"emulator":{"name":"functions"},"function":{"name":"us-central1-api"},"message":"[runtime-status] [25265] triggerDefinition {\"httpsTrigger\":{},\"name\":\"api\",\"entryPoint\":\"api\",\"regions\":[\"us-central1\"],\"region\":\"us-central1\",\"id\":\"us-central1-api\"}"}}
[debug] [2021-07-10T07:26:40.252Z] [runtime-status] [25265] Running us-central1-api in mode HTTPS {"metadata":{"emulator":{"name":"functions"},"function":{"name":"us-central1-api"},"message":"[runtime-status] [25265] Running us-central1-api in mode HTTPS"}}
[debug] [2021-07-10T07:26:40.256Z] [runtime-status] [25265] Attempting to listen to socketPath: /var/folders/48/b_2y4nyx0k7d7_sbttq7lmwh0000gn/T/fire_emu_25265.sock {"metadata":{"emulator":{"name":"functions"},"function":{"name":"us-central1-api"},"message":"[runtime-status] [25265] Attempting to listen to socketPath: /var/folders/48/b_2y4nyx0k7d7_sbttq7lmwh0000gn/T/fire_emu_25265.sock"}}
[debug] [2021-07-10T07:26:40.261Z] [functions] Runtime ready! Sending request! {"metadata":{"emulator":{"name":"functions"},"message":"[functions] Runtime ready! Sending request!"}}
[debug] [2021-07-10T07:26:40.262Z] [functions] Got req.url=/challenge-64600/us-central1/api/payments/create?total=23899, mapping to path=/payments/create?total=23899 {"metadata":{"emulator":{"name":"functions"},"message":"[functions] Got req.url=/challenge-64600/us-central1/api/payments/create?total=23899, mapping to path=/payments/create?total=23899"}}
[debug] [2021-07-10T07:26:40.281Z] [runtime-status] [25265] Ephemeral server handling POST request {"metadata":{"emulator":{"name":"functions"},"function":{"name":"us-central1-api"},"message":"[runtime-status] [25265] Ephemeral server handling POST request"}}
[info] >  payment request received boom! for this amount => 23899 {"user":"payment request received boom! for this amount => 23899","metadata":{"emulator":{"name":"functions"},"function":{"name":"us-central1-api"},"message":"\u001b[90m> \u001b[39m payment request received boom! for this amount => 23899"}}
[debug] [2021-07-10T07:26:40.298Z] [runtime-status] [25265] Ephemeral server survived. {"metadata":{"emulator":{"name":"functions"},"function":{"name":"us-central1-api"},"message":"[runtime-status] [25265] Ephemeral server survived."}}
[info] i  functions: Finished "us-central1-api" in ~1s {"metadata":{"emulator":{"name":"functions"},"function":{"name":"us-central1-api"},"message":"Finished \"us-central1-api\" in ~1s"}}
[debug] [2021-07-10T07:26:41.278Z] [worker-us-central1-api-76d0be93-56f7-4af3-93b5-406d2ee0c2b1]: IDLE {"metadata":{"emulator":{"name":"functions"},"message":"[worker-us-central1-api-76d0be93-56f7-4af3-93b5-406d2ee0c2b1]: IDLE"}}
[debug] [2021-07-10T07:26:41.279Z] [work-queue] {"queueLength":0,"workRunningCount":0}
[debug] [2021-07-10T07:26:48.936Z] [work-queue] {"queueLength":1,"workRunningCount":0}
[debug] [2021-07-10T07:26:48.936Z] [work-queue] {"queueLength":0,"workRunningCount":1}
[debug] [2021-07-10T07:26:48.936Z] Accepted request POST /challenge-64600/us-central1/api/payments/create?total=0 --> us-central1-api
[debug] [2021-07-10T07:26:48.936Z] [worker-pool] submitWork(triggerId=us-central1-api) {"metadata":{"emulator":{"name":"functions"},"message":"[worker-pool] submitWork(triggerId=us-central1-api)"}}
[debug] [2021-07-10T07:26:48.937Z] [worker-us-central1-api-76d0be93-56f7-4af3-93b5-406d2ee0c2b1]: Assigning socketPath: /var/folders/48/b_2y4nyx0k7d7_sbttq7lmwh0000gn/T/fire_emu_25265.sock {"metadata":{"emulator":{"name":"functions"},"message":"[worker-us-central1-api-76d0be93-56f7-4af3-93b5-406d2ee0c2b1]: Assigning socketPath: /var/folders/48/b_2y4nyx0k7d7_sbttq7lmwh0000gn/T/fire_emu_25265.sock"}}
[debug] [2021-07-10T07:26:48.937Z] [worker-us-central1-api-76d0be93-56f7-4af3-93b5-406d2ee0c2b1]: BUSY {"metadata":{"emulator":{"name":"functions"},"message":"[worker-us-central1-api-76d0be93-56f7-4af3-93b5-406d2ee0c2b1]: BUSY"}}
[debug] [2021-07-10T07:26:48.938Z] [runtime-status] [25265] Trigger "us-central1-api" has been found, beginning invocation! {"metadata":{"emulator":{"name":"functions"},"function":{"name":"us-central1-api"},"message":"[runtime-status] [25265] Trigger \"us-central1-api\" has been found, beginning invocation!"}}
[info] i  functions: Beginning execution of "us-central1-api" {"metadata":{"emulator":{"name":"functions"},"function":{"name":"us-central1-api"},"message":"Beginning execution of \"us-central1-api\""}}
[debug] [2021-07-10T07:26:48.939Z] [runtime-status] [25265] triggerDefinition {"httpsTrigger":{},"name":"api","entryPoint":"api","regions":["us-central1"],"region":"us-central1","id":"us-central1-api"} {"metadata":{"emulator":{"name":"functions"},"function":{"name":"us-central1-api"},"message":"[runtime-status] [25265] triggerDefinition {\"httpsTrigger\":{},\"name\":\"api\",\"entryPoint\":\"api\",\"regions\":[\"us-central1\"],\"region\":\"us-central1\",\"id\":\"us-central1-api\"}"}}
[debug] [2021-07-10T07:26:48.939Z] [runtime-status] [25265] Running us-central1-api in mode HTTPS {"metadata":{"emulator":{"name":"functions"},"function":{"name":"us-central1-api"},"message":"[runtime-status] [25265] Running us-central1-api in mode HTTPS"}}
[debug] [2021-07-10T07:26:48.939Z] [runtime-status] [25265] Attempting to listen to socketPath: /var/folders/48/b_2y4nyx0k7d7_sbttq7lmwh0000gn/T/fire_emu_25265.sock {"metadata":{"emulator":{"name":"functions"},"function":{"name":"us-central1-api"},"message":"[runtime-status] [25265] Attempting to listen to socketPath: /var/folders/48/b_2y4nyx0k7d7_sbttq7lmwh0000gn/T/fire_emu_25265.sock"}}
[debug] [2021-07-10T07:26:48.941Z] [functions] Runtime ready! Sending request! {"metadata":{"emulator":{"name":"functions"},"message":"[functions] Runtime ready! Sending request!"}}
[debug] [2021-07-10T07:26:48.942Z] [functions] Got req.url=/challenge-64600/us-central1/api/payments/create?total=0, mapping to path=/payments/create?total=0 {"metadata":{"emulator":{"name":"functions"},"message":"[functions] Got req.url=/challenge-64600/us-central1/api/payments/create?total=0, mapping to path=/payments/create?total=0"}}
[debug] [2021-07-10T07:26:48.945Z] [runtime-status] [25265] Ephemeral server handling POST request {"metadata":{"emulator":{"name":"functions"},"function":{"name":"us-central1-api"},"message":"[runtime-status] [25265] Ephemeral server handling POST request"}}
[info] >  payment request received boom! for this amount => 0 {"user":"payment request received boom! for this amount => 0","metadata":{"emulator":{"name":"functions"},"function":{"name":"us-central1-api"},"message":"\u001b[90m> \u001b[39m payment request received boom! for this amount => 0"}}
[debug] [2021-07-10T07:26:48.947Z] [runtime-status] [25265] Ephemeral server survived. {"metadata":{"emulator":{"name":"functions"},"function":{"name":"us-central1-api"},"message":"[runtime-status] [25265] Ephemeral server survived."}}
[info] >  (node:25265) UnhandledPromiseRejectionWarning: Error: This value must be greater than or equal to 1. {"user":"(node:25265) UnhandledPromiseRejectionWarning: Error: This value must be greater than or equal to 1.","metadata":{"emulator":{"name":"functions"},"function":{"name":"us-central1-api"},"message":"\u001b[90m> \u001b[39m (node:25265) UnhandledPromiseRejectionWarning: Error: This value must be greater than or equal to 1."}}
[info] >      at Function.generate (/Users/Joanna/Documents/Programming/amazon-clone/functions/node_modules/stripe/lib/Error.js:40:16) {"user":"    at Function.generate (/Users/Joanna/Documents/Programming/amazon-clone/functions/node_modules/stripe/lib/Error.js:40:16)","metadata":{"emulator":{"name":"functions"},"function":{"name":"us-central1-api"},"message":"\u001b[90m> \u001b[39m     at Function.generate (/Users/Joanna/Documents/Programming/amazon-clone/functions/node_modules/stripe/lib/Error.js:40:16)"}}
[info] >      at IncomingMessage.<anonymous> (/Users/Joanna/Documents/Programming/amazon-clone/functions/node_modules/stripe/lib/StripeResource.js:203:33) {"user":"    at IncomingMessage.<anonymous> (/Users/Joanna/Documents/Programming/amazon-clone/functions/node_modules/stripe/lib/StripeResource.js:203:33)","metadata":{"emulator":{"name":"functions"},"function":{"name":"us-central1-api"},"message":"\u001b[90m> \u001b[39m     at IncomingMessage.<anonymous> (/Users/Joanna/Documents/Programming/amazon-clone/functions/node_modules/stripe/lib/StripeResource.js:203:33)"}}
[info] >      at Object.onceWrapper (events.js:482:28) {"user":"    at Object.onceWrapper (events.js:482:28)","metadata":{"emulator":{"name":"functions"},"function":{"name":"us-central1-api"},"message":"\u001b[90m> \u001b[39m     at Object.onceWrapper (events.js:482:28)"}}
[info] >      at IncomingMessage.emit (events.js:388:22) {"user":"    at IncomingMessage.emit (events.js:388:22)","metadata":{"emulator":{"name":"functions"},"function":{"name":"us-central1-api"},"message":"\u001b[90m> \u001b[39m     at IncomingMessage.emit (events.js:388:22)"}}
[info] >      at endReadableNT (internal/streams/readable.js:1336:12) {"user":"    at endReadableNT (internal/streams/readable.js:1336:12)","metadata":{"emulator":{"name":"functions"},"function":{"name":"us-central1-api"},"message":"\u001b[90m> \u001b[39m     at endReadableNT (internal/streams/readable.js:1336:12)"}}
[info] >      at processTicksAndRejections (internal/process/task_queues.js:82:21) {"user":"    at processTicksAndRejections (internal/process/task_queues.js:82:21)","metadata":{"emulator":{"name":"functions"},"function":{"name":"us-central1-api"},"message":"\u001b[90m> \u001b[39m     at processTicksAndRejections (internal/process/task_queues.js:82:21)"}}
[info] >  (Use `node --trace-warnings ...` to show where the warning was created) {"user":"(Use `node --trace-warnings ...` to show where the warning was created)","metadata":{"emulator":{"name":"functions"},"function":{"name":"us-central1-api"},"message":"\u001b[90m> \u001b[39m (Use `node --trace-warnings ...` to show where the warning was created)"}}
[info] >  (node:25265) UnhandledPromiseRejectionWarning: Unhandled promise rejection. This error originated either by throwing inside of an async function without a catch block, or by rejecting a promise which was not handled with .catch(). To terminate the node process on unhandled promise rejection, use the CLI flag `--unhandled-rejections=strict` (see https://nodejs.org/api/cli.html#cli_unhandled_rejections_mode). (rejection id: 1) {"user":"(node:25265) UnhandledPromiseRejectionWarning: Unhandled promise rejection. This error originated either by throwing inside of an async function without a catch block, or by rejecting a promise which was not handled with .catch(). To terminate the node process on unhandled promise rejection, use the CLI flag `--unhandled-rejections=strict` (see https://nodejs.org/api/cli.html#cli_unhandled_rejections_mode). (rejection id: 1)","metadata":{"emulator":{"name":"functions"},"function":{"name":"us-central1-api"},"message":"\u001b[90m> \u001b[39m (node:25265) UnhandledPromiseRejectionWarning: Unhandled promise rejection. This error originated either by throwing inside of an async function without a catch block, or by rejecting a promise which was not handled with .catch(). To terminate the node process on unhandled promise rejection, use the CLI flag `--unhandled-rejections=strict` (see https://nodejs.org/api/cli.html#cli_unhandled_rejections_mode). (rejection id: 1)"}}
[info] >  (node:25265) [DEP0018] DeprecationWarning: Unhandled promise rejections are deprecated. In the future, promise rejections that are not handled will terminate the Node.js process with a non-zero exit code. {"user":"(node:25265) [DEP0018] DeprecationWarning: Unhandled promise rejections are deprecated. In the future, promise rejections that are not handled will terminate the Node.js process with a non-zero exit code.","metadata":{"emulator":{"name":"functions"},"function":{"name":"us-central1-api"},"message":"\u001b[90m> \u001b[39m (node:25265) [DEP0018] DeprecationWarning: Unhandled promise rejections are deprecated. In the future, promise rejections that are not handled will terminate the Node.js process with a non-zero exit code."}}
[warn] ⚠  functions: Your function timed out after ~60s. To configure this timeout, see
      https://firebase.google.com/docs/functions/manage-functions#set_timeout_and_memory_allocation. {"metadata":{"emulator":{"name":"functions"},"function":{"name":"us-central1-api"},"message":"Your function timed out after ~60s. To configure this timeout, see\n      https://firebase.google.com/docs/functions/manage-functions#set_timeout_and_memory_allocation."}}
[info] >  /usr/local/lib/node_modules/firebase-tools/lib/emulator/functionsEmulatorRuntime.js:648 {"user":"/usr/local/lib/node_modules/firebase-tools/lib/emulator/functionsEmulatorRuntime.js:648","metadata":{"emulator":{"name":"functions"},"function":{"name":"us-central1-api"},"message":"\u001b[90m> \u001b[39m /usr/local/lib/node_modules/firebase-tools/lib/emulator/functionsEmulatorRuntime.js:648"}}
[info] >              throw new Error("Function timed out."); {"user":"            throw new Error(\"Function timed out.\");","metadata":{"emulator":{"name":"functions"},"function":{"name":"us-central1-api"},"message":"\u001b[90m> \u001b[39m             throw new Error(\"Function timed out.\");"}}
[info] >              ^ {"user":"            ^","metadata":{"emulator":{"name":"functions"},"function":{"name":"us-central1-api"},"message":"\u001b[90m> \u001b[39m             ^"}}
[info] >   {"user":"","metadata":{"emulator":{"name":"functions"},"function":{"name":"us-central1-api"},"message":"\u001b[90m> \u001b[39m "}}
[info] >  Error: Function timed out. {"user":"Error: Function timed out.","metadata":{"emulator":{"name":"functions"},"function":{"name":"us-central1-api"},"message":"\u001b[90m> \u001b[39m Error: Function timed out."}}
[info] >      at Timeout._onTimeout (/usr/local/lib/node_modules/firebase-tools/lib/emulator/functionsEmulatorRuntime.js:648:19) {"user":"    at Timeout._onTimeout (/usr/local/lib/node_modules/firebase-tools/lib/emulator/functionsEmulatorRuntime.js:648:19)","metadata":{"emulator":{"name":"functions"},"function":{"name":"us-central1-api"},"message":"\u001b[90m> \u001b[39m     at Timeout._onTimeout (/usr/local/lib/node_modules/firebase-tools/lib/emulator/functionsEmulatorRuntime.js:648:19)"}}
[info] >      at listOnTimeout (internal/timers.js:555:17) {"user":"    at listOnTimeout (internal/timers.js:555:17)","metadata":{"emulator":{"name":"functions"},"function":{"name":"us-central1-api"},"message":"\u001b[90m> \u001b[39m     at listOnTimeout (internal/timers.js:555:17)"}}
[info] >      at processTimers (internal/timers.js:498:7) {"user":"    at processTimers (internal/timers.js:498:7)","metadata":{"emulator":{"name":"functions"},"function":{"name":"us-central1-api"},"message":"\u001b[90m> \u001b[39m     at processTimers (internal/timers.js:498:7)"}}
[debug] [2021-07-10T07:27:49.016Z] [worker-us-central1-api-76d0be93-56f7-4af3-93b5-406d2ee0c2b1]: exited {"metadata":{"emulator":{"name":"functions"},"message":"[worker-us-central1-api-76d0be93-56f7-4af3-93b5-406d2ee0c2b1]: exited"}}
[debug] [2021-07-10T07:27:49.016Z] [worker-us-central1-api-76d0be93-56f7-4af3-93b5-406d2ee0c2b1]: FINISHED {"metadata":{"emulator":{"name":"functions"},"message":"[worker-us-central1-api-76d0be93-56f7-4af3-93b5-406d2ee0c2b1]: FINISHED"}}
[debug] [2021-07-10T07:27:49.016Z] [work-queue] {"queueLength":0,"workRunningCount":0}
[debug] [2021-07-10T07:29:06.966Z] [work-queue] {"queueLength":1,"workRunningCount":0}
[debug] [2021-07-10T07:29:06.967Z] [work-queue] {"queueLength":0,"workRunningCount":1}
[debug] [2021-07-10T07:29:06.967Z] Accepted request POST /challenge-64600/us-central1/api/payments/create?total=13428 --> us-central1-api
[debug] [2021-07-10T07:29:06.968Z] [worker-pool] Cleaned up workers for us-central1-api: 1 --> 0 {"metadata":{"emulator":{"name":"functions"},"message":"[worker-pool] Cleaned up workers for us-central1-api: 1 --> 0"}}
[debug] [2021-07-10T07:29:06.975Z] [worker-pool] addWorker(us-central1-api) {"metadata":{"emulator":{"name":"functions"},"message":"[worker-pool] addWorker(us-central1-api)"}}
[debug] [2021-07-10T07:29:06.976Z] [worker-pool] Adding worker with key us-central1-api, total=1 {"metadata":{"emulator":{"name":"functions"},"message":"[worker-pool] Adding worker with key us-central1-api, total=1"}}
[debug] [2021-07-10T07:29:06.976Z] [worker-pool] submitWork(triggerId=us-central1-api) {"metadata":{"emulator":{"name":"functions"},"message":"[worker-pool] submitWork(triggerId=us-central1-api)"}}
[debug] [2021-07-10T07:29:06.976Z] [worker-us-central1-api-f9b49960-981c-4bb7-928f-ee6da9d6a5a7]: Assigning socketPath: /var/folders/48/b_2y4nyx0k7d7_sbttq7lmwh0000gn/T/fire_emu_25328.sock {"metadata":{"emulator":{"name":"functions"},"message":"[worker-us-central1-api-f9b49960-981c-4bb7-928f-ee6da9d6a5a7]: Assigning socketPath: /var/folders/48/b_2y4nyx0k7d7_sbttq7lmwh0000gn/T/fire_emu_25328.sock"}}
[debug] [2021-07-10T07:29:06.976Z] [worker-us-central1-api-f9b49960-981c-4bb7-928f-ee6da9d6a5a7]: BUSY {"metadata":{"emulator":{"name":"functions"},"message":"[worker-us-central1-api-f9b49960-981c-4bb7-928f-ee6da9d6a5a7]: BUSY"}}
[debug] [2021-07-10T07:29:07.562Z] [runtime-status] [25328] Functions runtime initialized. {"cwd":"/Users/Joanna/Documents/Programming/amazon-clone/functions","node_version":"14.17.0"} {"metadata":{"emulator":{"name":"functions"},"function":{"name":"us-central1-api"},"message":"[runtime-status] [25328] Functions runtime initialized. {\"cwd\":\"/Users/Joanna/Documents/Programming/amazon-clone/functions\",\"node_version\":\"14.17.0\"}"}}
[debug] [2021-07-10T07:29:07.566Z] [runtime-status] [25328] Disabled runtime features: undefined {"metadata":{"emulator":{"name":"functions"},"function":{"name":"us-central1-api"},"message":"[runtime-status] [25328] Disabled runtime features: undefined"}}
[debug] [2021-07-10T07:29:07.570Z] [runtime-status] [25328] Resolved module firebase-admin {"declared":true,"installed":true,"version":"9.10.0","resolution":"/Users/Joanna/Documents/Programming/amazon-clone/functions/node_modules/firebase-admin/lib/index.js"} {"metadata":{"emulator":{"name":"functions"},"function":{"name":"us-central1-api"},"message":"[runtime-status] [25328] Resolved module firebase-admin {\"declared\":true,\"installed\":true,\"version\":\"9.10.0\",\"resolution\":\"/Users/Joanna/Documents/Programming/amazon-clone/functions/node_modules/firebase-admin/lib/index.js\"}"}}
[debug] [2021-07-10T07:29:07.572Z] [runtime-status] [25328] Resolved module firebase-functions {"declared":true,"installed":true,"version":"3.14.1","resolution":"/Users/Joanna/Documents/Programming/amazon-clone/functions/node_modules/firebase-functions/lib/index.js"} {"metadata":{"emulator":{"name":"functions"},"function":{"name":"us-central1-api"},"message":"[runtime-status] [25328] Resolved module firebase-functions {\"declared\":true,\"installed\":true,\"version\":\"3.14.1\",\"resolution\":\"/Users/Joanna/Documents/Programming/amazon-clone/functions/node_modules/firebase-functions/lib/index.js\"}"}}
[debug] [2021-07-10T07:29:07.575Z] [runtime-status] [25328] Resolved module firebase-functions {"declared":true,"installed":true,"version":"3.14.1","resolution":"/Users/Joanna/Documents/Programming/amazon-clone/functions/node_modules/firebase-functions/lib/index.js"} {"metadata":{"emulator":{"name":"functions"},"function":{"name":"us-central1-api"},"message":"[runtime-status] [25328] Resolved module firebase-functions {\"declared\":true,\"installed\":true,\"version\":\"3.14.1\",\"resolution\":\"/Users/Joanna/Documents/Programming/amazon-clone/functions/node_modules/firebase-functions/lib/index.js\"}"}}
[debug] [2021-07-10T07:29:07.580Z] [runtime-status] [25328] Outgoing network have been stubbed. [{"name":"http","status":"mocked"},{"name":"http","status":"mocked"},{"name":"https","status":"mocked"},{"name":"https","status":"mocked"},{"name":"net","status":"mocked"}] {"metadata":{"emulator":{"name":"functions"},"function":{"name":"us-central1-api"},"message":"[runtime-status] [25328] Outgoing network have been stubbed. [{\"name\":\"http\",\"status\":\"mocked\"},{\"name\":\"http\",\"status\":\"mocked\"},{\"name\":\"https\",\"status\":\"mocked\"},{\"name\":\"https\",\"status\":\"mocked\"},{\"name\":\"net\",\"status\":\"mocked\"}]"}}
[debug] [2021-07-10T07:29:07.581Z] [runtime-status] [25328] Resolved module firebase-functions {"declared":true,"installed":true,"version":"3.14.1","resolution":"/Users/Joanna/Documents/Programming/amazon-clone/functions/node_modules/firebase-functions/lib/index.js"} {"metadata":{"emulator":{"name":"functions"},"function":{"name":"us-central1-api"},"message":"[runtime-status] [25328] Resolved module firebase-functions {\"declared\":true,\"installed\":true,\"version\":\"3.14.1\",\"resolution\":\"/Users/Joanna/Documents/Programming/amazon-clone/functions/node_modules/firebase-functions/lib/index.js\"}"}}
[debug] [2021-07-10T07:29:07.691Z] [runtime-status] [25328] Checked functions.config() {"config":{}} {"metadata":{"emulator":{"name":"functions"},"function":{"name":"us-central1-api"},"message":"[runtime-status] [25328] Checked functions.config() {\"config\":{}}"}}
[debug] [2021-07-10T07:29:07.691Z] [runtime-status] [25328] firebase-functions has been stubbed. {"functionsResolution":{"declared":true,"installed":true,"version":"3.14.1","resolution":"/Users/Joanna/Documents/Programming/amazon-clone/functions/node_modules/firebase-functions/lib/index.js"}} {"metadata":{"emulator":{"name":"functions"},"function":{"name":"us-central1-api"},"message":"[runtime-status] [25328] firebase-functions has been stubbed. {\"functionsResolution\":{\"declared\":true,\"installed\":true,\"version\":\"3.14.1\",\"resolution\":\"/Users/Joanna/Documents/Programming/amazon-clone/functions/node_modules/firebase-functions/lib/index.js\"}}"}}
[debug] [2021-07-10T07:29:07.692Z] [runtime-status] [25328] Resolved module firebase-functions {"declared":true,"installed":true,"version":"3.14.1","resolution":"/Users/Joanna/Documents/Programming/amazon-clone/functions/node_modules/firebase-functions/lib/index.js"} {"metadata":{"emulator":{"name":"functions"},"function":{"name":"us-central1-api"},"message":"[runtime-status] [25328] Resolved module firebase-functions {\"declared\":true,\"installed\":true,\"version\":\"3.14.1\",\"resolution\":\"/Users/Joanna/Documents/Programming/amazon-clone/functions/node_modules/firebase-functions/lib/index.js\"}"}}
[debug] [2021-07-10T07:29:07.694Z] [runtime-status] [25328] Resolved module firebase-admin {"declared":true,"installed":true,"version":"9.10.0","resolution":"/Users/Joanna/Documents/Programming/amazon-clone/functions/node_modules/firebase-admin/lib/index.js"} {"metadata":{"emulator":{"name":"functions"},"function":{"name":"us-central1-api"},"message":"[runtime-status] [25328] Resolved module firebase-admin {\"declared\":true,\"installed\":true,\"version\":\"9.10.0\",\"resolution\":\"/Users/Joanna/Documents/Programming/amazon-clone/functions/node_modules/firebase-admin/lib/index.js\"}"}}
[debug] [2021-07-10T07:29:07.699Z] [runtime-status] [25328] Resolved module firebase-functions {"declared":true,"installed":true,"version":"3.14.1","resolution":"/Users/Joanna/Documents/Programming/amazon-clone/functions/node_modules/firebase-functions/lib/index.js"} {"metadata":{"emulator":{"name":"functions"},"function":{"name":"us-central1-api"},"message":"[runtime-status] [25328] Resolved module firebase-functions {\"declared\":true,\"installed\":true,\"version\":\"3.14.1\",\"resolution\":\"/Users/Joanna/Documents/Programming/amazon-clone/functions/node_modules/firebase-functions/lib/index.js\"}"}}
[debug] [2021-07-10T07:29:07.705Z] [runtime-status] [25328] firebase-admin has been stubbed. {"adminResolution":{"declared":true,"installed":true,"version":"9.10.0","resolution":"/Users/Joanna/Documents/Programming/amazon-clone/functions/node_modules/firebase-admin/lib/index.js"}} {"metadata":{"emulator":{"name":"functions"},"function":{"name":"us-central1-api"},"message":"[runtime-status] [25328] firebase-admin has been stubbed. {\"adminResolution\":{\"declared\":true,\"installed\":true,\"version\":\"9.10.0\",\"resolution\":\"/Users/Joanna/Documents/Programming/amazon-clone/functions/node_modules/firebase-admin/lib/index.js\"}}"}}
[debug] [2021-07-10T07:29:07.998Z] [runtime-status] [25328] Trigger "us-central1-api" has been found, beginning invocation! {"metadata":{"emulator":{"name":"functions"},"function":{"name":"us-central1-api"},"message":"[runtime-status] [25328] Trigger \"us-central1-api\" has been found, beginning invocation!"}}
[info] i  functions: Beginning execution of "us-central1-api" {"metadata":{"emulator":{"name":"functions"},"function":{"name":"us-central1-api"},"message":"Beginning execution of \"us-central1-api\""}}
[debug] [2021-07-10T07:29:08.002Z] [runtime-status] [25328] triggerDefinition {"httpsTrigger":{},"name":"api","entryPoint":"api","regions":["us-central1"],"region":"us-central1","id":"us-central1-api"} {"metadata":{"emulator":{"name":"functions"},"function":{"name":"us-central1-api"},"message":"[runtime-status] [25328] triggerDefinition {\"httpsTrigger\":{},\"name\":\"api\",\"entryPoint\":\"api\",\"regions\":[\"us-central1\"],\"region\":\"us-central1\",\"id\":\"us-central1-api\"}"}}
[debug] [2021-07-10T07:29:08.002Z] [runtime-status] [25328] Running us-central1-api in mode HTTPS {"metadata":{"emulator":{"name":"functions"},"function":{"name":"us-central1-api"},"message":"[runtime-status] [25328] Running us-central1-api in mode HTTPS"}}
[debug] [2021-07-10T07:29:08.009Z] [runtime-status] [25328] Attempting to listen to socketPath: /var/folders/48/b_2y4nyx0k7d7_sbttq7lmwh0000gn/T/fire_emu_25328.sock {"metadata":{"emulator":{"name":"functions"},"function":{"name":"us-central1-api"},"message":"[runtime-status] [25328] Attempting to listen to socketPath: /var/folders/48/b_2y4nyx0k7d7_sbttq7lmwh0000gn/T/fire_emu_25328.sock"}}
[debug] [2021-07-10T07:29:08.014Z] [functions] Runtime ready! Sending request! {"metadata":{"emulator":{"name":"functions"},"message":"[functions] Runtime ready! Sending request!"}}
[debug] [2021-07-10T07:29:08.014Z] [functions] Got req.url=/challenge-64600/us-central1/api/payments/create?total=13428, mapping to path=/payments/create?total=13428 {"metadata":{"emulator":{"name":"functions"},"message":"[functions] Got req.url=/challenge-64600/us-central1/api/payments/create?total=13428, mapping to path=/payments/create?total=13428"}}
[debug] [2021-07-10T07:29:08.030Z] [runtime-status] [25328] Ephemeral server handling POST request {"metadata":{"emulator":{"name":"functions"},"function":{"name":"us-central1-api"},"message":"[runtime-status] [25328] Ephemeral server handling POST request"}}
[info] >  payment request received boom! for this amount => 13428 {"user":"payment request received boom! for this amount => 13428","metadata":{"emulator":{"name":"functions"},"function":{"name":"us-central1-api"},"message":"\u001b[90m> \u001b[39m payment request received boom! for this amount => 13428"}}
[debug] [2021-07-10T07:29:08.053Z] [runtime-status] [25328] Ephemeral server survived. {"metadata":{"emulator":{"name":"functions"},"function":{"name":"us-central1-api"},"message":"[runtime-status] [25328] Ephemeral server survived."}}
[info] i  functions: Finished "us-central1-api" in ~1s {"metadata":{"emulator":{"name":"functions"},"function":{"name":"us-central1-api"},"message":"Finished \"us-central1-api\" in ~1s"}}
[debug] [2021-07-10T07:29:08.945Z] [worker-us-central1-api-f9b49960-981c-4bb7-928f-ee6da9d6a5a7]: IDLE {"metadata":{"emulator":{"name":"functions"},"message":"[worker-us-central1-api-f9b49960-981c-4bb7-928f-ee6da9d6a5a7]: IDLE"}}
[debug] [2021-07-10T07:29:08.945Z] [work-queue] {"queueLength":0,"workRunningCount":0}
[debug] [2021-07-10T07:33:08.521Z] [work-queue] {"queueLength":1,"workRunningCount":0}
[debug] [2021-07-10T07:33:08.521Z] [work-queue] {"queueLength":0,"workRunningCount":1}
[debug] [2021-07-10T07:33:08.521Z] Accepted request POST /challenge-64600/us-central1/api/payments/create?total=11198 --> us-central1-api
[debug] [2021-07-10T07:33:08.521Z] [worker-pool] submitWork(triggerId=us-central1-api) {"metadata":{"emulator":{"name":"functions"},"message":"[worker-pool] submitWork(triggerId=us-central1-api)"}}
[debug] [2021-07-10T07:33:08.521Z] [worker-us-central1-api-f9b49960-981c-4bb7-928f-ee6da9d6a5a7]: Assigning socketPath: /var/folders/48/b_2y4nyx0k7d7_sbttq7lmwh0000gn/T/fire_emu_25328.sock {"metadata":{"emulator":{"name":"functions"},"message":"[worker-us-central1-api-f9b49960-981c-4bb7-928f-ee6da9d6a5a7]: Assigning socketPath: /var/folders/48/b_2y4nyx0k7d7_sbttq7lmwh0000gn/T/fire_emu_25328.sock"}}
[debug] [2021-07-10T07:33:08.521Z] [worker-us-central1-api-f9b49960-981c-4bb7-928f-ee6da9d6a5a7]: BUSY {"metadata":{"emulator":{"name":"functions"},"message":"[worker-us-central1-api-f9b49960-981c-4bb7-928f-ee6da9d6a5a7]: BUSY"}}
[debug] [2021-07-10T07:33:08.522Z] [runtime-status] [25328] Trigger "us-central1-api" has been found, beginning invocation! {"metadata":{"emulator":{"name":"functions"},"function":{"name":"us-central1-api"},"message":"[runtime-status] [25328] Trigger \"us-central1-api\" has been found, beginning invocation!"}}
[info] i  functions: Beginning execution of "us-central1-api" {"metadata":{"emulator":{"name":"functions"},"function":{"name":"us-central1-api"},"message":"Beginning execution of \"us-central1-api\""}}
[debug] [2021-07-10T07:33:08.523Z] [runtime-status] [25328] triggerDefinition {"httpsTrigger":{},"name":"api","entryPoint":"api","regions":["us-central1"],"region":"us-central1","id":"us-central1-api"} {"metadata":{"emulator":{"name":"functions"},"function":{"name":"us-central1-api"},"message":"[runtime-status] [25328] triggerDefinition {\"httpsTrigger\":{},\"name\":\"api\",\"entryPoint\":\"api\",\"regions\":[\"us-central1\"],\"region\":\"us-central1\",\"id\":\"us-central1-api\"}"}}
[debug] [2021-07-10T07:33:08.523Z] [runtime-status] [25328] Running us-central1-api in mode HTTPS {"metadata":{"emulator":{"name":"functions"},"function":{"name":"us-central1-api"},"message":"[runtime-status] [25328] Running us-central1-api in mode HTTPS"}}
[debug] [2021-07-10T07:33:08.523Z] [runtime-status] [25328] Attempting to listen to socketPath: /var/folders/48/b_2y4nyx0k7d7_sbttq7lmwh0000gn/T/fire_emu_25328.sock {"metadata":{"emulator":{"name":"functions"},"function":{"name":"us-central1-api"},"message":"[runtime-status] [25328] Attempting to listen to socketPath: /var/folders/48/b_2y4nyx0k7d7_sbttq7lmwh0000gn/T/fire_emu_25328.sock"}}
[debug] [2021-07-10T07:33:08.525Z] [functions] Runtime ready! Sending request! {"metadata":{"emulator":{"name":"functions"},"message":"[functions] Runtime ready! Sending request!"}}
[debug] [2021-07-10T07:33:08.526Z] [functions] Got req.url=/challenge-64600/us-central1/api/payments/create?total=11198, mapping to path=/payments/create?total=11198 {"metadata":{"emulator":{"name":"functions"},"message":"[functions] Got req.url=/challenge-64600/us-central1/api/payments/create?total=11198, mapping to path=/payments/create?total=11198"}}
[debug] [2021-07-10T07:33:08.532Z] [runtime-status] [25328] Ephemeral server handling POST request {"metadata":{"emulator":{"name":"functions"},"function":{"name":"us-central1-api"},"message":"[runtime-status] [25328] Ephemeral server handling POST request"}}
[info] >  payment request received boom! for this amount => 11198 {"user":"payment request received boom! for this amount => 11198","metadata":{"emulator":{"name":"functions"},"function":{"name":"us-central1-api"},"message":"\u001b[90m> \u001b[39m payment request received boom! for this amount => 11198"}}
[debug] [2021-07-10T07:33:08.535Z] [runtime-status] [25328] Ephemeral server survived. {"metadata":{"emulator":{"name":"functions"},"function":{"name":"us-central1-api"},"message":"[runtime-status] [25328] Ephemeral server survived."}}
[info] i  functions: Finished "us-central1-api" in ~1s {"metadata":{"emulator":{"name":"functions"},"function":{"name":"us-central1-api"},"message":"Finished \"us-central1-api\" in ~1s"}}
[debug] [2021-07-10T07:33:09.097Z] [worker-us-central1-api-f9b49960-981c-4bb7-928f-ee6da9d6a5a7]: IDLE {"metadata":{"emulator":{"name":"functions"},"message":"[worker-us-central1-api-f9b49960-981c-4bb7-928f-ee6da9d6a5a7]: IDLE"}}
[debug] [2021-07-10T07:33:09.098Z] [work-queue] {"queueLength":0,"workRunningCount":0}
[debug] [2021-07-10T07:33:17.459Z] [work-queue] {"queueLength":1,"workRunningCount":0}
[debug] [2021-07-10T07:33:17.460Z] [work-queue] {"queueLength":0,"workRunningCount":1}
[debug] [2021-07-10T07:33:17.460Z] Accepted request POST /challenge-64600/us-central1/api/payments/create?total=0 --> us-central1-api
[debug] [2021-07-10T07:33:17.460Z] [worker-pool] submitWork(triggerId=us-central1-api) {"metadata":{"emulator":{"name":"functions"},"message":"[worker-pool] submitWork(triggerId=us-central1-api)"}}
[debug] [2021-07-10T07:33:17.460Z] [worker-us-central1-api-f9b49960-981c-4bb7-928f-ee6da9d6a5a7]: Assigning socketPath: /var/folders/48/b_2y4nyx0k7d7_sbttq7lmwh0000gn/T/fire_emu_25328.sock {"metadata":{"emulator":{"name":"functions"},"message":"[worker-us-central1-api-f9b49960-981c-4bb7-928f-ee6da9d6a5a7]: Assigning socketPath: /var/folders/48/b_2y4nyx0k7d7_sbttq7lmwh0000gn/T/fire_emu_25328.sock"}}
[debug] [2021-07-10T07:33:17.460Z] [worker-us-central1-api-f9b49960-981c-4bb7-928f-ee6da9d6a5a7]: BUSY {"metadata":{"emulator":{"name":"functions"},"message":"[worker-us-central1-api-f9b49960-981c-4bb7-928f-ee6da9d6a5a7]: BUSY"}}
[debug] [2021-07-10T07:33:17.462Z] [runtime-status] [25328] Trigger "us-central1-api" has been found, beginning invocation! {"metadata":{"emulator":{"name":"functions"},"function":{"name":"us-central1-api"},"message":"[runtime-status] [25328] Trigger \"us-central1-api\" has been found, beginning invocation!"}}
[info] i  functions: Beginning execution of "us-central1-api" {"metadata":{"emulator":{"name":"functions"},"function":{"name":"us-central1-api"},"message":"Beginning execution of \"us-central1-api\""}}
[debug] [2021-07-10T07:33:17.463Z] [runtime-status] [25328] triggerDefinition {"httpsTrigger":{},"name":"api","entryPoint":"api","regions":["us-central1"],"region":"us-central1","id":"us-central1-api"} {"metadata":{"emulator":{"name":"functions"},"function":{"name":"us-central1-api"},"message":"[runtime-status] [25328] triggerDefinition {\"httpsTrigger\":{},\"name\":\"api\",\"entryPoint\":\"api\",\"regions\":[\"us-central1\"],\"region\":\"us-central1\",\"id\":\"us-central1-api\"}"}}
[debug] [2021-07-10T07:33:17.463Z] [runtime-status] [25328] Running us-central1-api in mode HTTPS {"metadata":{"emulator":{"name":"functions"},"function":{"name":"us-central1-api"},"message":"[runtime-status] [25328] Running us-central1-api in mode HTTPS"}}
[debug] [2021-07-10T07:33:17.463Z] [runtime-status] [25328] Attempting to listen to socketPath: /var/folders/48/b_2y4nyx0k7d7_sbttq7lmwh0000gn/T/fire_emu_25328.sock {"metadata":{"emulator":{"name":"functions"},"function":{"name":"us-central1-api"},"message":"[runtime-status] [25328] Attempting to listen to socketPath: /var/folders/48/b_2y4nyx0k7d7_sbttq7lmwh0000gn/T/fire_emu_25328.sock"}}
[debug] [2021-07-10T07:33:17.464Z] [functions] Runtime ready! Sending request! {"metadata":{"emulator":{"name":"functions"},"message":"[functions] Runtime ready! Sending request!"}}
[debug] [2021-07-10T07:33:17.464Z] [functions] Got req.url=/challenge-64600/us-central1/api/payments/create?total=0, mapping to path=/payments/create?total=0 {"metadata":{"emulator":{"name":"functions"},"message":"[functions] Got req.url=/challenge-64600/us-central1/api/payments/create?total=0, mapping to path=/payments/create?total=0"}}
[debug] [2021-07-10T07:33:17.470Z] [runtime-status] [25328] Ephemeral server handling POST request {"metadata":{"emulator":{"name":"functions"},"function":{"name":"us-central1-api"},"message":"[runtime-status] [25328] Ephemeral server handling POST request"}}
[debug] [2021-07-10T07:33:17.470Z] [runtime-status] [25328] Ephemeral server survived. {"metadata":{"emulator":{"name":"functions"},"function":{"name":"us-central1-api"},"message":"[runtime-status] [25328] Ephemeral server survived."}}
[info] >  payment request received boom! for this amount => 0 {"user":"payment request received boom! for this amount => 0","metadata":{"emulator":{"name":"functions"},"function":{"name":"us-central1-api"},"message":"\u001b[90m> \u001b[39m payment request received boom! for this amount => 0"}}
[info] >  (node:25328) UnhandledPromiseRejectionWarning: Error: This value must be greater than or equal to 1. {"user":"(node:25328) UnhandledPromiseRejectionWarning: Error: This value must be greater than or equal to 1.","metadata":{"emulator":{"name":"functions"},"function":{"name":"us-central1-api"},"message":"\u001b[90m> \u001b[39m (node:25328) UnhandledPromiseRejectionWarning: Error: This value must be greater than or equal to 1."}}
[info] >      at Function.generate (/Users/Joanna/Documents/Programming/amazon-clone/functions/node_modules/stripe/lib/Error.js:40:16) {"user":"    at Function.generate (/Users/Joanna/Documents/Programming/amazon-clone/functions/node_modules/stripe/lib/Error.js:40:16)","metadata":{"emulator":{"name":"functions"},"function":{"name":"us-central1-api"},"message":"\u001b[90m> \u001b[39m     at Function.generate (/Users/Joanna/Documents/Programming/amazon-clone/functions/node_modules/stripe/lib/Error.js:40:16)"}}
[info] >      at IncomingMessage.<anonymous> (/Users/Joanna/Documents/Programming/amazon-clone/functions/node_modules/stripe/lib/StripeResource.js:203:33) {"user":"    at IncomingMessage.<anonymous> (/Users/Joanna/Documents/Programming/amazon-clone/functions/node_modules/stripe/lib/StripeResource.js:203:33)","metadata":{"emulator":{"name":"functions"},"function":{"name":"us-central1-api"},"message":"\u001b[90m> \u001b[39m     at IncomingMessage.<anonymous> (/Users/Joanna/Documents/Programming/amazon-clone/functions/node_modules/stripe/lib/StripeResource.js:203:33)"}}
[info] >      at Object.onceWrapper (events.js:482:28) {"user":"    at Object.onceWrapper (events.js:482:28)","metadata":{"emulator":{"name":"functions"},"function":{"name":"us-central1-api"},"message":"\u001b[90m> \u001b[39m     at Object.onceWrapper (events.js:482:28)"}}
[info] >      at IncomingMessage.emit (events.js:388:22) {"user":"    at IncomingMessage.emit (events.js:388:22)","metadata":{"emulator":{"name":"functions"},"function":{"name":"us-central1-api"},"message":"\u001b[90m> \u001b[39m     at IncomingMessage.emit (events.js:388:22)"}}
[info] >      at endReadableNT (internal/streams/readable.js:1336:12) {"user":"    at endReadableNT (internal/streams/readable.js:1336:12)","metadata":{"emulator":{"name":"functions"},"function":{"name":"us-central1-api"},"message":"\u001b[90m> \u001b[39m     at endReadableNT (internal/streams/readable.js:1336:12)"}}
[info] >      at processTicksAndRejections (internal/process/task_queues.js:82:21) {"user":"    at processTicksAndRejections (internal/process/task_queues.js:82:21)","metadata":{"emulator":{"name":"functions"},"function":{"name":"us-central1-api"},"message":"\u001b[90m> \u001b[39m     at processTicksAndRejections (internal/process/task_queues.js:82:21)"}}
[info] >  (Use `node --trace-warnings ...` to show where the warning was created) {"user":"(Use `node --trace-warnings ...` to show where the warning was created)","metadata":{"emulator":{"name":"functions"},"function":{"name":"us-central1-api"},"message":"\u001b[90m> \u001b[39m (Use `node --trace-warnings ...` to show where the warning was created)"}}
[info] >  (node:25328) UnhandledPromiseRejectionWarning: Unhandled promise rejection. This error originated either by throwing inside of an async function without a catch block, or by rejecting a promise which was not handled with .catch(). To terminate the node process on unhandled promise rejection, use the CLI flag `--unhandled-rejections=strict` (see https://nodejs.org/api/cli.html#cli_unhandled_rejections_mode). (rejection id: 1) {"user":"(node:25328) UnhandledPromiseRejectionWarning: Unhandled promise rejection. This error originated either by throwing inside of an async function without a catch block, or by rejecting a promise which was not handled with .catch(). To terminate the node process on unhandled promise rejection, use the CLI flag `--unhandled-rejections=strict` (see https://nodejs.org/api/cli.html#cli_unhandled_rejections_mode). (rejection id: 1)","metadata":{"emulator":{"name":"functions"},"function":{"name":"us-central1-api"},"message":"\u001b[90m> \u001b[39m (node:25328) UnhandledPromiseRejectionWarning: Unhandled promise rejection. This error originated either by throwing inside of an async function without a catch block, or by rejecting a promise which was not handled with .catch(). To terminate the node process on unhandled promise rejection, use the CLI flag `--unhandled-rejections=strict` (see https://nodejs.org/api/cli.html#cli_unhandled_rejections_mode). (rejection id: 1)"}}
[info] >  (node:25328) [DEP0018] DeprecationWarning: Unhandled promise rejections are deprecated. In the future, promise rejections that are not handled will terminate the Node.js process with a non-zero exit code. {"user":"(node:25328) [DEP0018] DeprecationWarning: Unhandled promise rejections are deprecated. In the future, promise rejections that are not handled will terminate the Node.js process with a non-zero exit code.","metadata":{"emulator":{"name":"functions"},"function":{"name":"us-central1-api"},"message":"\u001b[90m> \u001b[39m (node:25328) [DEP0018] DeprecationWarning: Unhandled promise rejections are deprecated. In the future, promise rejections that are not handled will terminate the Node.js process with a non-zero exit code."}}
[warn] ⚠  functions: Your function timed out after ~60s. To configure this timeout, see
      https://firebase.google.com/docs/functions/manage-functions#set_timeout_and_memory_allocation. {"metadata":{"emulator":{"name":"functions"},"function":{"name":"us-central1-api"},"message":"Your function timed out after ~60s. To configure this timeout, see\n      https://firebase.google.com/docs/functions/manage-functions#set_timeout_and_memory_allocation."}}
[info] >  /usr/local/lib/node_modules/firebase-tools/lib/emulator/functionsEmulatorRuntime.js:648 {"user":"/usr/local/lib/node_modules/firebase-tools/lib/emulator/functionsEmulatorRuntime.js:648","metadata":{"emulator":{"name":"functions"},"function":{"name":"us-central1-api"},"message":"\u001b[90m> \u001b[39m /usr/local/lib/node_modules/firebase-tools/lib/emulator/functionsEmulatorRuntime.js:648"}}
[info] >              throw new Error("Function timed out."); {"user":"            throw new Error(\"Function timed out.\");","metadata":{"emulator":{"name":"functions"},"function":{"name":"us-central1-api"},"message":"\u001b[90m> \u001b[39m             throw new Error(\"Function timed out.\");"}}
[info] >              ^ {"user":"            ^","metadata":{"emulator":{"name":"functions"},"function":{"name":"us-central1-api"},"message":"\u001b[90m> \u001b[39m             ^"}}
[info] >   {"user":"","metadata":{"emulator":{"name":"functions"},"function":{"name":"us-central1-api"},"message":"\u001b[90m> \u001b[39m "}}
[info] >  Error: Function timed out. {"user":"Error: Function timed out.","metadata":{"emulator":{"name":"functions"},"function":{"name":"us-central1-api"},"message":"\u001b[90m> \u001b[39m Error: Function timed out."}}
[info] >      at Timeout._onTimeout (/usr/local/lib/node_modules/firebase-tools/lib/emulator/functionsEmulatorRuntime.js:648:19) {"user":"    at Timeout._onTimeout (/usr/local/lib/node_modules/firebase-tools/lib/emulator/functionsEmulatorRuntime.js:648:19)","metadata":{"emulator":{"name":"functions"},"function":{"name":"us-central1-api"},"message":"\u001b[90m> \u001b[39m     at Timeout._onTimeout (/usr/local/lib/node_modules/firebase-tools/lib/emulator/functionsEmulatorRuntime.js:648:19)"}}
[info] >      at listOnTimeout (internal/timers.js:555:17) {"user":"    at listOnTimeout (internal/timers.js:555:17)","metadata":{"emulator":{"name":"functions"},"function":{"name":"us-central1-api"},"message":"\u001b[90m> \u001b[39m     at listOnTimeout (internal/timers.js:555:17)"}}
[info] >      at processTimers (internal/timers.js:498:7) {"user":"    at processTimers (internal/timers.js:498:7)","metadata":{"emulator":{"name":"functions"},"function":{"name":"us-central1-api"},"message":"\u001b[90m> \u001b[39m     at processTimers (internal/timers.js:498:7)"}}
[debug] [2021-07-10T07:34:17.489Z] [worker-us-central1-api-f9b49960-981c-4bb7-928f-ee6da9d6a5a7]: exited {"metadata":{"emulator":{"name":"functions"},"message":"[worker-us-central1-api-f9b49960-981c-4bb7-928f-ee6da9d6a5a7]: exited"}}
[debug] [2021-07-10T07:34:17.489Z] [worker-us-central1-api-f9b49960-981c-4bb7-928f-ee6da9d6a5a7]: FINISHED {"metadata":{"emulator":{"name":"functions"},"message":"[worker-us-central1-api-f9b49960-981c-4bb7-928f-ee6da9d6a5a7]: FINISHED"}}
[debug] [2021-07-10T07:34:17.489Z] [work-queue] {"queueLength":0,"workRunningCount":0}
[debug] [2021-07-10T07:37:29.612Z] [work-queue] {"queueLength":1,"workRunningCount":0}
[debug] [2021-07-10T07:37:29.615Z] [work-queue] {"queueLength":0,"workRunningCount":1}
[debug] [2021-07-10T07:37:29.616Z] Accepted request POST /challenge-64600/us-central1/api/payments/create?total=3097 --> us-central1-api
[debug] [2021-07-10T07:37:29.616Z] [worker-pool] Cleaned up workers for us-central1-api: 1 --> 0 {"metadata":{"emulator":{"name":"functions"},"message":"[worker-pool] Cleaned up workers for us-central1-api: 1 --> 0"}}
[debug] [2021-07-10T07:37:29.626Z] [worker-pool] addWorker(us-central1-api) {"metadata":{"emulator":{"name":"functions"},"message":"[worker-pool] addWorker(us-central1-api)"}}
[debug] [2021-07-10T07:37:29.627Z] [worker-pool] Adding worker with key us-central1-api, total=1 {"metadata":{"emulator":{"name":"functions"},"message":"[worker-pool] Adding worker with key us-central1-api, total=1"}}
[debug] [2021-07-10T07:37:29.627Z] [worker-pool] submitWork(triggerId=us-central1-api) {"metadata":{"emulator":{"name":"functions"},"message":"[worker-pool] submitWork(triggerId=us-central1-api)"}}
[debug] [2021-07-10T07:37:29.627Z] [worker-us-central1-api-f3ef5078-2cfa-4d0e-8d4b-20d8222cc955]: Assigning socketPath: /var/folders/48/b_2y4nyx0k7d7_sbttq7lmwh0000gn/T/fire_emu_25699.sock {"metadata":{"emulator":{"name":"functions"},"message":"[worker-us-central1-api-f3ef5078-2cfa-4d0e-8d4b-20d8222cc955]: Assigning socketPath: /var/folders/48/b_2y4nyx0k7d7_sbttq7lmwh0000gn/T/fire_emu_25699.sock"}}
[debug] [2021-07-10T07:37:29.627Z] [worker-us-central1-api-f3ef5078-2cfa-4d0e-8d4b-20d8222cc955]: BUSY {"metadata":{"emulator":{"name":"functions"},"message":"[worker-us-central1-api-f3ef5078-2cfa-4d0e-8d4b-20d8222cc955]: BUSY"}}
[debug] [2021-07-10T07:37:30.363Z] [runtime-status] [25699] Functions runtime initialized. {"cwd":"/Users/Joanna/Documents/Programming/amazon-clone/functions","node_version":"14.17.0"} {"metadata":{"emulator":{"name":"functions"},"function":{"name":"us-central1-api"},"message":"[runtime-status] [25699] Functions runtime initialized. {\"cwd\":\"/Users/Joanna/Documents/Programming/amazon-clone/functions\",\"node_version\":\"14.17.0\"}"}}
[debug] [2021-07-10T07:37:30.368Z] [runtime-status] [25699] Disabled runtime features: undefined {"metadata":{"emulator":{"name":"functions"},"function":{"name":"us-central1-api"},"message":"[runtime-status] [25699] Disabled runtime features: undefined"}}
[debug] [2021-07-10T07:37:30.371Z] [runtime-status] [25699] Resolved module firebase-admin {"declared":true,"installed":true,"version":"9.10.0","resolution":"/Users/Joanna/Documents/Programming/amazon-clone/functions/node_modules/firebase-admin/lib/index.js"} {"metadata":{"emulator":{"name":"functions"},"function":{"name":"us-central1-api"},"message":"[runtime-status] [25699] Resolved module firebase-admin {\"declared\":true,\"installed\":true,\"version\":\"9.10.0\",\"resolution\":\"/Users/Joanna/Documents/Programming/amazon-clone/functions/node_modules/firebase-admin/lib/index.js\"}"}}
[debug] [2021-07-10T07:37:30.374Z] [runtime-status] [25699] Resolved module firebase-functions {"declared":true,"installed":true,"version":"3.14.1","resolution":"/Users/Joanna/Documents/Programming/amazon-clone/functions/node_modules/firebase-functions/lib/index.js"} {"metadata":{"emulator":{"name":"functions"},"function":{"name":"us-central1-api"},"message":"[runtime-status] [25699] Resolved module firebase-functions {\"declared\":true,\"installed\":true,\"version\":\"3.14.1\",\"resolution\":\"/Users/Joanna/Documents/Programming/amazon-clone/functions/node_modules/firebase-functions/lib/index.js\"}"}}
[debug] [2021-07-10T07:37:30.376Z] [runtime-status] [25699] Resolved module firebase-functions {"declared":true,"installed":true,"version":"3.14.1","resolution":"/Users/Joanna/Documents/Programming/amazon-clone/functions/node_modules/firebase-functions/lib/index.js"} {"metadata":{"emulator":{"name":"functions"},"function":{"name":"us-central1-api"},"message":"[runtime-status] [25699] Resolved module firebase-functions {\"declared\":true,\"installed\":true,\"version\":\"3.14.1\",\"resolution\":\"/Users/Joanna/Documents/Programming/amazon-clone/functions/node_modules/firebase-functions/lib/index.js\"}"}}
[debug] [2021-07-10T07:37:30.378Z] [runtime-status] [25699] Outgoing network have been stubbed. [{"name":"http","status":"mocked"},{"name":"http","status":"mocked"},{"name":"https","status":"mocked"},{"name":"https","status":"mocked"},{"name":"net","status":"mocked"}] {"metadata":{"emulator":{"name":"functions"},"function":{"name":"us-central1-api"},"message":"[runtime-status] [25699] Outgoing network have been stubbed. [{\"name\":\"http\",\"status\":\"mocked\"},{\"name\":\"http\",\"status\":\"mocked\"},{\"name\":\"https\",\"status\":\"mocked\"},{\"name\":\"https\",\"status\":\"mocked\"},{\"name\":\"net\",\"status\":\"mocked\"}]"}}
[debug] [2021-07-10T07:37:30.380Z] [runtime-status] [25699] Resolved module firebase-functions {"declared":true,"installed":true,"version":"3.14.1","resolution":"/Users/Joanna/Documents/Programming/amazon-clone/functions/node_modules/firebase-functions/lib/index.js"} {"metadata":{"emulator":{"name":"functions"},"function":{"name":"us-central1-api"},"message":"[runtime-status] [25699] Resolved module firebase-functions {\"declared\":true,\"installed\":true,\"version\":\"3.14.1\",\"resolution\":\"/Users/Joanna/Documents/Programming/amazon-clone/functions/node_modules/firebase-functions/lib/index.js\"}"}}
[debug] [2021-07-10T07:37:30.600Z] [runtime-status] [25699] Checked functions.config() {"config":{}} {"metadata":{"emulator":{"name":"functions"},"function":{"name":"us-central1-api"},"message":"[runtime-status] [25699] Checked functions.config() {\"config\":{}}"}}
[debug] [2021-07-10T07:37:30.600Z] [runtime-status] [25699] firebase-functions has been stubbed. {"functionsResolution":{"declared":true,"installed":true,"version":"3.14.1","resolution":"/Users/Joanna/Documents/Programming/amazon-clone/functions/node_modules/firebase-functions/lib/index.js"}} {"metadata":{"emulator":{"name":"functions"},"function":{"name":"us-central1-api"},"message":"[runtime-status] [25699] firebase-functions has been stubbed. {\"functionsResolution\":{\"declared\":true,\"installed\":true,\"version\":\"3.14.1\",\"resolution\":\"/Users/Joanna/Documents/Programming/amazon-clone/functions/node_modules/firebase-functions/lib/index.js\"}}"}}
[debug] [2021-07-10T07:37:30.600Z] [runtime-status] [25699] Resolved module firebase-functions {"declared":true,"installed":true,"version":"3.14.1","resolution":"/Users/Joanna/Documents/Programming/amazon-clone/functions/node_modules/firebase-functions/lib/index.js"} {"metadata":{"emulator":{"name":"functions"},"function":{"name":"us-central1-api"},"message":"[runtime-status] [25699] Resolved module firebase-functions {\"declared\":true,\"installed\":true,\"version\":\"3.14.1\",\"resolution\":\"/Users/Joanna/Documents/Programming/amazon-clone/functions/node_modules/firebase-functions/lib/index.js\"}"}}
[debug] [2021-07-10T07:37:30.604Z] [runtime-status] [25699] Resolved module firebase-admin {"declared":true,"installed":true,"version":"9.10.0","resolution":"/Users/Joanna/Documents/Programming/amazon-clone/functions/node_modules/firebase-admin/lib/index.js"} {"metadata":{"emulator":{"name":"functions"},"function":{"name":"us-central1-api"},"message":"[runtime-status] [25699] Resolved module firebase-admin {\"declared\":true,\"installed\":true,\"version\":\"9.10.0\",\"resolution\":\"/Users/Joanna/Documents/Programming/amazon-clone/functions/node_modules/firebase-admin/lib/index.js\"}"}}
[debug] [2021-07-10T07:37:30.605Z] [runtime-status] [25699] Resolved module firebase-functions {"declared":true,"installed":true,"version":"3.14.1","resolution":"/Users/Joanna/Documents/Programming/amazon-clone/functions/node_modules/firebase-functions/lib/index.js"} {"metadata":{"emulator":{"name":"functions"},"function":{"name":"us-central1-api"},"message":"[runtime-status] [25699] Resolved module firebase-functions {\"declared\":true,\"installed\":true,\"version\":\"3.14.1\",\"resolution\":\"/Users/Joanna/Documents/Programming/amazon-clone/functions/node_modules/firebase-functions/lib/index.js\"}"}}
[debug] [2021-07-10T07:37:30.610Z] [runtime-status] [25699] firebase-admin has been stubbed. {"adminResolution":{"declared":true,"installed":true,"version":"9.10.0","resolution":"/Users/Joanna/Documents/Programming/amazon-clone/functions/node_modules/firebase-admin/lib/index.js"}} {"metadata":{"emulator":{"name":"functions"},"function":{"name":"us-central1-api"},"message":"[runtime-status] [25699] firebase-admin has been stubbed. {\"adminResolution\":{\"declared\":true,\"installed\":true,\"version\":\"9.10.0\",\"resolution\":\"/Users/Joanna/Documents/Programming/amazon-clone/functions/node_modules/firebase-admin/lib/index.js\"}}"}}
[debug] [2021-07-10T07:37:31.169Z] [runtime-status] [25699] Trigger "us-central1-api" has been found, beginning invocation! {"metadata":{"emulator":{"name":"functions"},"function":{"name":"us-central1-api"},"message":"[runtime-status] [25699] Trigger \"us-central1-api\" has been found, beginning invocation!"}}
[info] i  functions: Beginning execution of "us-central1-api" {"metadata":{"emulator":{"name":"functions"},"function":{"name":"us-central1-api"},"message":"Beginning execution of \"us-central1-api\""}}
[debug] [2021-07-10T07:37:31.172Z] [runtime-status] [25699] triggerDefinition {"httpsTrigger":{},"name":"api","entryPoint":"api","regions":["us-central1"],"region":"us-central1","id":"us-central1-api"} {"metadata":{"emulator":{"name":"functions"},"function":{"name":"us-central1-api"},"message":"[runtime-status] [25699] triggerDefinition {\"httpsTrigger\":{},\"name\":\"api\",\"entryPoint\":\"api\",\"regions\":[\"us-central1\"],\"region\":\"us-central1\",\"id\":\"us-central1-api\"}"}}
[debug] [2021-07-10T07:37:31.172Z] [runtime-status] [25699] Running us-central1-api in mode HTTPS {"metadata":{"emulator":{"name":"functions"},"function":{"name":"us-central1-api"},"message":"[runtime-status] [25699] Running us-central1-api in mode HTTPS"}}
[debug] [2021-07-10T07:37:31.180Z] [runtime-status] [25699] Attempting to listen to socketPath: /var/folders/48/b_2y4nyx0k7d7_sbttq7lmwh0000gn/T/fire_emu_25699.sock {"metadata":{"emulator":{"name":"functions"},"function":{"name":"us-central1-api"},"message":"[runtime-status] [25699] Attempting to listen to socketPath: /var/folders/48/b_2y4nyx0k7d7_sbttq7lmwh0000gn/T/fire_emu_25699.sock"}}
[debug] [2021-07-10T07:37:31.187Z] [functions] Runtime ready! Sending request! {"metadata":{"emulator":{"name":"functions"},"message":"[functions] Runtime ready! Sending request!"}}
[debug] [2021-07-10T07:37:31.187Z] [functions] Got req.url=/challenge-64600/us-central1/api/payments/create?total=3097, mapping to path=/payments/create?total=3097 {"metadata":{"emulator":{"name":"functions"},"message":"[functions] Got req.url=/challenge-64600/us-central1/api/payments/create?total=3097, mapping to path=/payments/create?total=3097"}}
[debug] [2021-07-10T07:37:31.234Z] [runtime-status] [25699] Ephemeral server handling POST request {"metadata":{"emulator":{"name":"functions"},"function":{"name":"us-central1-api"},"message":"[runtime-status] [25699] Ephemeral server handling POST request"}}
[info] >  payment request received boom! for this amount => 3097 {"user":"payment request received boom! for this amount => 3097","metadata":{"emulator":{"name":"functions"},"function":{"name":"us-central1-api"},"message":"\u001b[90m> \u001b[39m payment request received boom! for this amount => 3097"}}
[debug] [2021-07-10T07:37:31.254Z] [runtime-status] [25699] Ephemeral server survived. {"metadata":{"emulator":{"name":"functions"},"function":{"name":"us-central1-api"},"message":"[runtime-status] [25699] Ephemeral server survived."}}
[info] i  functions: Finished "us-central1-api" in ~1s {"metadata":{"emulator":{"name":"functions"},"function":{"name":"us-central1-api"},"message":"Finished \"us-central1-api\" in ~1s"}}
[debug] [2021-07-10T07:37:31.956Z] [worker-us-central1-api-f3ef5078-2cfa-4d0e-8d4b-20d8222cc955]: IDLE {"metadata":{"emulator":{"name":"functions"},"message":"[worker-us-central1-api-f3ef5078-2cfa-4d0e-8d4b-20d8222cc955]: IDLE"}}
[debug] [2021-07-10T07:37:31.956Z] [work-queue] {"queueLength":0,"workRunningCount":0}
[debug] [2021-07-10T07:37:37.226Z] [work-queue] {"queueLength":1,"workRunningCount":0}
[debug] [2021-07-10T07:37:37.226Z] [work-queue] {"queueLength":0,"workRunningCount":1}
[debug] [2021-07-10T07:37:37.226Z] Accepted request POST /challenge-64600/us-central1/api/payments/create?total=0 --> us-central1-api
[debug] [2021-07-10T07:37:37.227Z] [worker-pool] submitWork(triggerId=us-central1-api) {"metadata":{"emulator":{"name":"functions"},"message":"[worker-pool] submitWork(triggerId=us-central1-api)"}}
[debug] [2021-07-10T07:37:37.227Z] [worker-us-central1-api-f3ef5078-2cfa-4d0e-8d4b-20d8222cc955]: Assigning socketPath: /var/folders/48/b_2y4nyx0k7d7_sbttq7lmwh0000gn/T/fire_emu_25699.sock {"metadata":{"emulator":{"name":"functions"},"message":"[worker-us-central1-api-f3ef5078-2cfa-4d0e-8d4b-20d8222cc955]: Assigning socketPath: /var/folders/48/b_2y4nyx0k7d7_sbttq7lmwh0000gn/T/fire_emu_25699.sock"}}
[debug] [2021-07-10T07:37:37.227Z] [worker-us-central1-api-f3ef5078-2cfa-4d0e-8d4b-20d8222cc955]: BUSY {"metadata":{"emulator":{"name":"functions"},"message":"[worker-us-central1-api-f3ef5078-2cfa-4d0e-8d4b-20d8222cc955]: BUSY"}}
[debug] [2021-07-10T07:37:37.229Z] [runtime-status] [25699] Trigger "us-central1-api" has been found, beginning invocation! {"metadata":{"emulator":{"name":"functions"},"function":{"name":"us-central1-api"},"message":"[runtime-status] [25699] Trigger \"us-central1-api\" has been found, beginning invocation!"}}
[info] i  functions: Beginning execution of "us-central1-api" {"metadata":{"emulator":{"name":"functions"},"function":{"name":"us-central1-api"},"message":"Beginning execution of \"us-central1-api\""}}
[debug] [2021-07-10T07:37:37.229Z] [runtime-status] [25699] triggerDefinition {"httpsTrigger":{},"name":"api","entryPoint":"api","regions":["us-central1"],"region":"us-central1","id":"us-central1-api"} {"metadata":{"emulator":{"name":"functions"},"function":{"name":"us-central1-api"},"message":"[runtime-status] [25699] triggerDefinition {\"httpsTrigger\":{},\"name\":\"api\",\"entryPoint\":\"api\",\"regions\":[\"us-central1\"],\"region\":\"us-central1\",\"id\":\"us-central1-api\"}"}}
[debug] [2021-07-10T07:37:37.229Z] [runtime-status] [25699] Running us-central1-api in mode HTTPS {"metadata":{"emulator":{"name":"functions"},"function":{"name":"us-central1-api"},"message":"[runtime-status] [25699] Running us-central1-api in mode HTTPS"}}
[debug] [2021-07-10T07:37:37.230Z] [runtime-status] [25699] Attempting to listen to socketPath: /var/folders/48/b_2y4nyx0k7d7_sbttq7lmwh0000gn/T/fire_emu_25699.sock {"metadata":{"emulator":{"name":"functions"},"function":{"name":"us-central1-api"},"message":"[runtime-status] [25699] Attempting to listen to socketPath: /var/folders/48/b_2y4nyx0k7d7_sbttq7lmwh0000gn/T/fire_emu_25699.sock"}}
[debug] [2021-07-10T07:37:37.232Z] [functions] Runtime ready! Sending request! {"metadata":{"emulator":{"name":"functions"},"message":"[functions] Runtime ready! Sending request!"}}
[debug] [2021-07-10T07:37:37.233Z] [functions] Got req.url=/challenge-64600/us-central1/api/payments/create?total=0, mapping to path=/payments/create?total=0 {"metadata":{"emulator":{"name":"functions"},"message":"[functions] Got req.url=/challenge-64600/us-central1/api/payments/create?total=0, mapping to path=/payments/create?total=0"}}
[debug] [2021-07-10T07:37:37.238Z] [runtime-status] [25699] Ephemeral server handling POST request {"metadata":{"emulator":{"name":"functions"},"function":{"name":"us-central1-api"},"message":"[runtime-status] [25699] Ephemeral server handling POST request"}}
[info] >  payment request received boom! for this amount => 0 {"user":"payment request received boom! for this amount => 0","metadata":{"emulator":{"name":"functions"},"function":{"name":"us-central1-api"},"message":"\u001b[90m> \u001b[39m payment request received boom! for this amount => 0"}}
[debug] [2021-07-10T07:37:37.243Z] [runtime-status] [25699] Ephemeral server survived. {"metadata":{"emulator":{"name":"functions"},"function":{"name":"us-central1-api"},"message":"[runtime-status] [25699] Ephemeral server survived."}}
[info] >  (node:25699) UnhandledPromiseRejectionWarning: Error: This value must be greater than or equal to 1. {"user":"(node:25699) UnhandledPromiseRejectionWarning: Error: This value must be greater than or equal to 1.","metadata":{"emulator":{"name":"functions"},"function":{"name":"us-central1-api"},"message":"\u001b[90m> \u001b[39m (node:25699) UnhandledPromiseRejectionWarning: Error: This value must be greater than or equal to 1."}}
[info] >      at Function.generate (/Users/Joanna/Documents/Programming/amazon-clone/functions/node_modules/stripe/lib/Error.js:40:16) {"user":"    at Function.generate (/Users/Joanna/Documents/Programming/amazon-clone/functions/node_modules/stripe/lib/Error.js:40:16)","metadata":{"emulator":{"name":"functions"},"function":{"name":"us-central1-api"},"message":"\u001b[90m> \u001b[39m     at Function.generate (/Users/Joanna/Documents/Programming/amazon-clone/functions/node_modules/stripe/lib/Error.js:40:16)"}}
[info] >      at IncomingMessage.<anonymous> (/Users/Joanna/Documents/Programming/amazon-clone/functions/node_modules/stripe/lib/StripeResource.js:203:33) {"user":"    at IncomingMessage.<anonymous> (/Users/Joanna/Documents/Programming/amazon-clone/functions/node_modules/stripe/lib/StripeResource.js:203:33)","metadata":{"emulator":{"name":"functions"},"function":{"name":"us-central1-api"},"message":"\u001b[90m> \u001b[39m     at IncomingMessage.<anonymous> (/Users/Joanna/Documents/Programming/amazon-clone/functions/node_modules/stripe/lib/StripeResource.js:203:33)"}}
[info] >      at Object.onceWrapper (events.js:482:28) {"user":"    at Object.onceWrapper (events.js:482:28)","metadata":{"emulator":{"name":"functions"},"function":{"name":"us-central1-api"},"message":"\u001b[90m> \u001b[39m     at Object.onceWrapper (events.js:482:28)"}}
[info] >      at IncomingMessage.emit (events.js:388:22) {"user":"    at IncomingMessage.emit (events.js:388:22)","metadata":{"emulator":{"name":"functions"},"function":{"name":"us-central1-api"},"message":"\u001b[90m> \u001b[39m     at IncomingMessage.emit (events.js:388:22)"}}
[info] >      at endReadableNT (internal/streams/readable.js:1336:12) {"user":"    at endReadableNT (internal/streams/readable.js:1336:12)","metadata":{"emulator":{"name":"functions"},"function":{"name":"us-central1-api"},"message":"\u001b[90m> \u001b[39m     at endReadableNT (internal/streams/readable.js:1336:12)"}}
[info] >      at processTicksAndRejections (internal/process/task_queues.js:82:21) {"user":"    at processTicksAndRejections (internal/process/task_queues.js:82:21)","metadata":{"emulator":{"name":"functions"},"function":{"name":"us-central1-api"},"message":"\u001b[90m> \u001b[39m     at processTicksAndRejections (internal/process/task_queues.js:82:21)"}}
[info] >  (Use `node --trace-warnings ...` to show where the warning was created) {"user":"(Use `node --trace-warnings ...` to show where the warning was created)","metadata":{"emulator":{"name":"functions"},"function":{"name":"us-central1-api"},"message":"\u001b[90m> \u001b[39m (Use `node --trace-warnings ...` to show where the warning was created)"}}
[info] >  (node:25699) UnhandledPromiseRejectionWarning: Unhandled promise rejection. This error originated either by throwing inside of an async function without a catch block, or by rejecting a promise which was not handled with .catch(). To terminate the node process on unhandled promise rejection, use the CLI flag `--unhandled-rejections=strict` (see https://nodejs.org/api/cli.html#cli_unhandled_rejections_mode). (rejection id: 1) {"user":"(node:25699) UnhandledPromiseRejectionWarning: Unhandled promise rejection. This error originated either by throwing inside of an async function without a catch block, or by rejecting a promise which was not handled with .catch(). To terminate the node process on unhandled promise rejection, use the CLI flag `--unhandled-rejections=strict` (see https://nodejs.org/api/cli.html#cli_unhandled_rejections_mode). (rejection id: 1)","metadata":{"emulator":{"name":"functions"},"function":{"name":"us-central1-api"},"message":"\u001b[90m> \u001b[39m (node:25699) UnhandledPromiseRejectionWarning: Unhandled promise rejection. This error originated either by throwing inside of an async function without a catch block, or by rejecting a promise which was not handled with .catch(). To terminate the node process on unhandled promise rejection, use the CLI flag `--unhandled-rejections=strict` (see https://nodejs.org/api/cli.html#cli_unhandled_rejections_mode). (rejection id: 1)"}}
[info] >  (node:25699) [DEP0018] DeprecationWarning: Unhandled promise rejections are deprecated. In the future, promise rejections that are not handled will terminate the Node.js process with a non-zero exit code. {"user":"(node:25699) [DEP0018] DeprecationWarning: Unhandled promise rejections are deprecated. In the future, promise rejections that are not handled will terminate the Node.js process with a non-zero exit code.","metadata":{"emulator":{"name":"functions"},"function":{"name":"us-central1-api"},"message":"\u001b[90m> \u001b[39m (node:25699) [DEP0018] DeprecationWarning: Unhandled promise rejections are deprecated. In the future, promise rejections that are not handled will terminate the Node.js process with a non-zero exit code."}}
[warn] ⚠  functions: Your function timed out after ~60s. To configure this timeout, see
      https://firebase.google.com/docs/functions/manage-functions#set_timeout_and_memory_allocation. {"metadata":{"emulator":{"name":"functions"},"function":{"name":"us-central1-api"},"message":"Your function timed out after ~60s. To configure this timeout, see\n      https://firebase.google.com/docs/functions/manage-functions#set_timeout_and_memory_allocation."}}
[info] >  /usr/local/lib/node_modules/firebase-tools/lib/emulator/functionsEmulatorRuntime.js:648 {"user":"/usr/local/lib/node_modules/firebase-tools/lib/emulator/functionsEmulatorRuntime.js:648","metadata":{"emulator":{"name":"functions"},"function":{"name":"us-central1-api"},"message":"\u001b[90m> \u001b[39m /usr/local/lib/node_modules/firebase-tools/lib/emulator/functionsEmulatorRuntime.js:648"}}
[info] >              throw new Error("Function timed out."); {"user":"            throw new Error(\"Function timed out.\");","metadata":{"emulator":{"name":"functions"},"function":{"name":"us-central1-api"},"message":"\u001b[90m> \u001b[39m             throw new Error(\"Function timed out.\");"}}
[info] >              ^ {"user":"            ^","metadata":{"emulator":{"name":"functions"},"function":{"name":"us-central1-api"},"message":"\u001b[90m> \u001b[39m             ^"}}
[info] >   {"user":"","metadata":{"emulator":{"name":"functions"},"function":{"name":"us-central1-api"},"message":"\u001b[90m> \u001b[39m "}}
[info] >  Error: Function timed out. {"user":"Error: Function timed out.","metadata":{"emulator":{"name":"functions"},"function":{"name":"us-central1-api"},"message":"\u001b[90m> \u001b[39m Error: Function timed out."}}
[info] >      at Timeout._onTimeout (/usr/local/lib/node_modules/firebase-tools/lib/emulator/functionsEmulatorRuntime.js:648:19) {"user":"    at Timeout._onTimeout (/usr/local/lib/node_modules/firebase-tools/lib/emulator/functionsEmulatorRuntime.js:648:19)","metadata":{"emulator":{"name":"functions"},"function":{"name":"us-central1-api"},"message":"\u001b[90m> \u001b[39m     at Timeout._onTimeout (/usr/local/lib/node_modules/firebase-tools/lib/emulator/functionsEmulatorRuntime.js:648:19)"}}
[info] >      at listOnTimeout (internal/timers.js:555:17) {"user":"    at listOnTimeout (internal/timers.js:555:17)","metadata":{"emulator":{"name":"functions"},"function":{"name":"us-central1-api"},"message":"\u001b[90m> \u001b[39m     at listOnTimeout (internal/timers.js:555:17)"}}
[info] >      at processTimers (internal/timers.js:498:7) {"user":"    at processTimers (internal/timers.js:498:7)","metadata":{"emulator":{"name":"functions"},"function":{"name":"us-central1-api"},"message":"\u001b[90m> \u001b[39m     at processTimers (internal/timers.js:498:7)"}}
[debug] [2021-07-10T07:38:37.244Z] [worker-us-central1-api-f3ef5078-2cfa-4d0e-8d4b-20d8222cc955]: exited {"metadata":{"emulator":{"name":"functions"},"message":"[worker-us-central1-api-f3ef5078-2cfa-4d0e-8d4b-20d8222cc955]: exited"}}
[debug] [2021-07-10T07:38:37.244Z] [worker-us-central1-api-f3ef5078-2cfa-4d0e-8d4b-20d8222cc955]: FINISHED {"metadata":{"emulator":{"name":"functions"},"message":"[worker-us-central1-api-f3ef5078-2cfa-4d0e-8d4b-20d8222cc955]: FINISHED"}}
[debug] [2021-07-10T07:38:37.244Z] [work-queue] {"queueLength":0,"workRunningCount":0}
